<?xml version="1.0" encoding="UTF-8"?>
<testsuites tests="1851" failures="6" disabled="0" errors="0" time="145.382" name="AllTests">
  <testsuite name="UnPoolingLayerTest/0" tests="14" failures="0" disabled="0" errors="0" time="1.593">
    <testcase name="TestSetup" type_param="caffe::CPUDevice&lt;float&gt;" status="run" time="0.001" classname="UnPoolingLayerTest/0" />
    <testcase name="TestSetupPadded" type_param="caffe::CPUDevice&lt;float&gt;" status="run" time="0" classname="UnPoolingLayerTest/0" />
    <testcase name="TestForwardFixed" type_param="caffe::CPUDevice&lt;float&gt;" status="run" time="0" classname="UnPoolingLayerTest/0" />
    <testcase name="TestForward2x2Div" type_param="caffe::CPUDevice&lt;float&gt;" status="run" time="0" classname="UnPoolingLayerTest/0" />
    <testcase name="TestForward2x2Rep" type_param="caffe::CPUDevice&lt;float&gt;" status="run" time="0" classname="UnPoolingLayerTest/0" />
    <testcase name="TestForward2x2Fixed" type_param="caffe::CPUDevice&lt;float&gt;" status="run" time="0" classname="UnPoolingLayerTest/0" />
    <testcase name="TestForward3x3Fixed" type_param="caffe::CPUDevice&lt;float&gt;" status="run" time="0" classname="UnPoolingLayerTest/0" />
    <testcase name="TestForward2bottomFixed" type_param="caffe::CPUDevice&lt;float&gt;" status="run" time="0" classname="UnPoolingLayerTest/0" />
    <testcase name="TestGradientDiv" type_param="caffe::CPUDevice&lt;float&gt;" status="run" time="0.455" classname="UnPoolingLayerTest/0" />
    <testcase name="TestGradientDivPadded" type_param="caffe::CPUDevice&lt;float&gt;" status="run" time="0.136" classname="UnPoolingLayerTest/0" />
    <testcase name="TestGradientRep" type_param="caffe::CPUDevice&lt;float&gt;" status="run" time="0.425" classname="UnPoolingLayerTest/0" />
    <testcase name="TestGradientRepPadded" type_param="caffe::CPUDevice&lt;float&gt;" status="run" time="0.132" classname="UnPoolingLayerTest/0" />
    <testcase name="TestGradientFixed" type_param="caffe::CPUDevice&lt;float&gt;" status="run" time="0.333" classname="UnPoolingLayerTest/0" />
    <testcase name="TestGradientFixedPadded" type_param="caffe::CPUDevice&lt;float&gt;" status="run" time="0.109" classname="UnPoolingLayerTest/0" />
  </testsuite>
  <testsuite name="UnPoolingLayerTest/1" tests="14" failures="0" disabled="0" errors="0" time="1.641">
    <testcase name="TestSetup" type_param="caffe::CPUDevice&lt;double&gt;" status="run" time="0" classname="UnPoolingLayerTest/1" />
    <testcase name="TestSetupPadded" type_param="caffe::CPUDevice&lt;double&gt;" status="run" time="0" classname="UnPoolingLayerTest/1" />
    <testcase name="TestForwardFixed" type_param="caffe::CPUDevice&lt;double&gt;" status="run" time="0" classname="UnPoolingLayerTest/1" />
    <testcase name="TestForward2x2Div" type_param="caffe::CPUDevice&lt;double&gt;" status="run" time="0" classname="UnPoolingLayerTest/1" />
    <testcase name="TestForward2x2Rep" type_param="caffe::CPUDevice&lt;double&gt;" status="run" time="0" classname="UnPoolingLayerTest/1" />
    <testcase name="TestForward2x2Fixed" type_param="caffe::CPUDevice&lt;double&gt;" status="run" time="0" classname="UnPoolingLayerTest/1" />
    <testcase name="TestForward3x3Fixed" type_param="caffe::CPUDevice&lt;double&gt;" status="run" time="0" classname="UnPoolingLayerTest/1" />
    <testcase name="TestForward2bottomFixed" type_param="caffe::CPUDevice&lt;double&gt;" status="run" time="0" classname="UnPoolingLayerTest/1" />
    <testcase name="TestGradientDiv" type_param="caffe::CPUDevice&lt;double&gt;" status="run" time="0.444" classname="UnPoolingLayerTest/1" />
    <testcase name="TestGradientDivPadded" type_param="caffe::CPUDevice&lt;double&gt;" status="run" time="0.136" classname="UnPoolingLayerTest/1" />
    <testcase name="TestGradientRep" type_param="caffe::CPUDevice&lt;double&gt;" status="run" time="0.454" classname="UnPoolingLayerTest/1" />
    <testcase name="TestGradientRepPadded" type_param="caffe::CPUDevice&lt;double&gt;" status="run" time="0.14" classname="UnPoolingLayerTest/1" />
    <testcase name="TestGradientFixed" type_param="caffe::CPUDevice&lt;double&gt;" status="run" time="0.352" classname="UnPoolingLayerTest/1" />
    <testcase name="TestGradientFixedPadded" type_param="caffe::CPUDevice&lt;double&gt;" status="run" time="0.115" classname="UnPoolingLayerTest/1" />
  </testsuite>
  <testsuite name="MLUUnPoolingLayerTest/0" tests="1" failures="0" disabled="0" errors="0" time="0.007">
    <testcase name="TestSetup" type_param="caffe::MLUDevice&lt;float&gt;" status="run" time="0.007" classname="MLUUnPoolingLayerTest/0" bottom="2 3 2 4 (48)" />
  </testsuite>
  <testsuite name="MFUSUnPoolingLayerTest/0" tests="1" failures="0" disabled="0" errors="0" time="0.007">
    <testcase name="TestSetup" type_param="caffe::MFUSDevice&lt;float&gt;" status="run" time="0.007" classname="MFUSUnPoolingLayerTest/0" bottom="2 3 2 4 (48)" />
  </testsuite>
  <testsuite name="PaddingLayerUpgradeTest" tests="3" failures="0" disabled="0" errors="0" time="0.003">
    <testcase name="TestSimple" status="run" time="0.002" classname="PaddingLayerUpgradeTest" />
    <testcase name="TestTwoTops" status="run" time="0" classname="PaddingLayerUpgradeTest" />
    <testcase name="TestImageNet" status="run" time="0" classname="PaddingLayerUpgradeTest" />
  </testsuite>
  <testsuite name="NetUpgradeTest" tests="3" failures="0" disabled="0" errors="0" time="0.002">
    <testcase name="TestSimple" status="run" time="0" classname="NetUpgradeTest" />
    <testcase name="TestAllParams" status="run" time="0.001" classname="NetUpgradeTest" />
    <testcase name="TestImageNet" status="run" time="0.001" classname="NetUpgradeTest" />
  </testsuite>
  <testsuite name="SolverTypeUpgradeTest" tests="1" failures="0" disabled="0" errors="0" time="0">
    <testcase name="TestSimple" status="run" time="0" classname="SolverTypeUpgradeTest" />
  </testsuite>
  <testsuite name="CycleMultLayerTest/0" tests="3" failures="0" disabled="0" errors="0" time="0">
    <testcase name="TestSetup" type_param="caffe::CPUDevice&lt;float&gt;" status="run" time="0" classname="CycleMultLayerTest/0" />
    <testcase name="TestForward" type_param="caffe::CPUDevice&lt;float&gt;" status="run" time="0" classname="CycleMultLayerTest/0" />
    <testcase name="TestForward1Batch" type_param="caffe::CPUDevice&lt;float&gt;" status="run" time="0" classname="CycleMultLayerTest/0" />
  </testsuite>
  <testsuite name="CycleMultLayerTest/1" tests="3" failures="0" disabled="0" errors="0" time="0">
    <testcase name="TestSetup" type_param="caffe::CPUDevice&lt;double&gt;" status="run" time="0" classname="CycleMultLayerTest/1" />
    <testcase name="TestForward" type_param="caffe::CPUDevice&lt;double&gt;" status="run" time="0" classname="CycleMultLayerTest/1" />
    <testcase name="TestForward1Batch" type_param="caffe::CPUDevice&lt;double&gt;" status="run" time="0" classname="CycleMultLayerTest/1" />
  </testsuite>
  <testsuite name="MLUCycleMultLayerTest/0" tests="3" failures="0" disabled="0" errors="0" time="0.033">
    <testcase name="TestSetup" type_param="caffe::MLUDevice&lt;float&gt;" status="run" time="0.008" classname="MLUCycleMultLayerTest/0" />
    <testcase name="TestForward" type_param="caffe::MLUDevice&lt;float&gt;" status="run" time="0.013" classname="MLUCycleMultLayerTest/0" bottom1="2 3 4 5 (120)" bottom2="1 3 1 1 (3)" errRate="0.000339" event_time="3" />
    <testcase name="TestForward1Batch" type_param="caffe::MLUDevice&lt;float&gt;" status="run" time="0.012" classname="MLUCycleMultLayerTest/0" bottom1="1 32 4 4 (512)" bottom2="1 32 1 1 (32)" errRate="0.000355" event_time="3" />
  </testsuite>
  <testsuite name="MFUSCycleMultLayerTest/0" tests="3" failures="0" disabled="0" errors="0" time="0.032">
    <testcase name="TestSetup" type_param="caffe::MFUSDevice&lt;float&gt;" status="run" time="0.007" classname="MFUSCycleMultLayerTest/0" />
    <testcase name="TestForward" type_param="caffe::MFUSDevice&lt;float&gt;" status="run" time="0.012" classname="MFUSCycleMultLayerTest/0" bottom1="2 3 4 5 (120)" bottom2="1 3 1 1 (3)" errRate="0.000351" event_time="3" />
    <testcase name="TestForward1Batch" type_param="caffe::MFUSDevice&lt;float&gt;" status="run" time="0.013" classname="MFUSCycleMultLayerTest/0" bottom1="1 32 4 4 (512)" bottom2="1 32 1 1 (32)" errRate="0.000345" event_time="3" />
  </testsuite>
  <testsuite name="ConvolutionDepthwiseLayerTest/0" tests="4" failures="0" disabled="0" errors="0" time="0">
    <testcase name="TestSetup" type_param="caffe::CPUDevice&lt;float&gt;" status="run" time="0" classname="ConvolutionDepthwiseLayerTest/0" />
    <testcase name="TestSimpleConvolution" type_param="caffe::CPUDevice&lt;float&gt;" status="run" time="0" classname="ConvolutionDepthwiseLayerTest/0" />
    <testcase name="TestDilatedConvolution" type_param="caffe::CPUDevice&lt;float&gt;" status="run" time="0" classname="ConvolutionDepthwiseLayerTest/0" />
    <testcase name="Test1x1Convolution" type_param="caffe::CPUDevice&lt;float&gt;" status="run" time="0" classname="ConvolutionDepthwiseLayerTest/0" />
  </testsuite>
  <testsuite name="ConvolutionDepthwiseLayerTest/1" tests="4" failures="0" disabled="0" errors="0" time="0">
    <testcase name="TestSetup" type_param="caffe::CPUDevice&lt;double&gt;" status="run" time="0" classname="ConvolutionDepthwiseLayerTest/1" />
    <testcase name="TestSimpleConvolution" type_param="caffe::CPUDevice&lt;double&gt;" status="run" time="0" classname="ConvolutionDepthwiseLayerTest/1" />
    <testcase name="TestDilatedConvolution" type_param="caffe::CPUDevice&lt;double&gt;" status="run" time="0" classname="ConvolutionDepthwiseLayerTest/1" />
    <testcase name="Test1x1Convolution" type_param="caffe::CPUDevice&lt;double&gt;" status="run" time="0" classname="ConvolutionDepthwiseLayerTest/1" />
  </testsuite>
  <testsuite name="MLUConvolutionDepthwiseLayerTest/0" tests="4" failures="0" disabled="0" errors="0" time="0.078">
    <testcase name="TestSetup" type_param="caffe::MLUDevice&lt;float&gt;" status="run" time="0.007" classname="MLUConvolutionDepthwiseLayerTest/0" />
    <testcase name="TestSimpleConvolution" type_param="caffe::MLUDevice&lt;float&gt;" status="run" time="0.036" classname="MLUConvolutionDepthwiseLayerTest/0" bottom="bottom1:1 3 6 6 (108)" errRate="0.000915" event_time="11" />
    <testcase name="TestConvolutiondiffpad" type_param="caffe::MLUDevice&lt;float&gt;" status="run" time="0.026" classname="MLUConvolutionDepthwiseLayerTest/0" bottom="bottom1:1 3 6 6 (108)" errRate="0.001095" event_time="28" />
    <testcase name="Test1x1Convolution" type_param="caffe::MLUDevice&lt;float&gt;" status="run" time="0.008" classname="MLUConvolutionDepthwiseLayerTest/0" bottom="bottom1:1 3 6 6 (108)" errRate="0.000000" event_time="0" />
  </testsuite>
  <testsuite name="MFUSConvolutionDepthwiseLayerTest/0" tests="4" failures="0" disabled="0" errors="0" time="0.055">
    <testcase name="TestSetup" type_param="caffe::MFUSDevice&lt;float&gt;" status="run" time="0.008" classname="MFUSConvolutionDepthwiseLayerTest/0" />
    <testcase name="TestSimpleConvolution" type_param="caffe::MFUSDevice&lt;float&gt;" status="run" time="0.015" classname="MFUSConvolutionDepthwiseLayerTest/0" bottom="bottom1:1 3 6 6 (108)" errRate="0.000488" event_time="0" />
    <testcase name="TestConvolutiondiffpad" type_param="caffe::MFUSDevice&lt;float&gt;" status="run" time="0.019" classname="MFUSConvolutionDepthwiseLayerTest/0" bottom="bottom1:1 3 6 6 (108)" errRate="0.000501" event_time="0" />
    <testcase name="Test1x1Convolution" type_param="caffe::MFUSDevice&lt;float&gt;" status="run" time="0.013" classname="MFUSConvolutionDepthwiseLayerTest/0" bottom="bottom1:1 3 6 6 (108)" errRate="0.840893" event_time="0" />
  </testsuite>
  <testsuite name="TileLayerTest/0" tests="7" failures="0" disabled="0" errors="0" time="0.323">
    <testcase name="TestTrivialSetup" type_param="caffe::CPUDevice&lt;float&gt;" status="run" time="0" classname="TileLayerTest/0" />
    <testcase name="TestSetup" type_param="caffe::CPUDevice&lt;float&gt;" status="run" time="0" classname="TileLayerTest/0" />
    <testcase name="TestForwardNum" type_param="caffe::CPUDevice&lt;float&gt;" status="run" time="0.001" classname="TileLayerTest/0" />
    <testcase name="TestForwardChannels" type_param="caffe::CPUDevice&lt;float&gt;" status="run" time="0" classname="TileLayerTest/0" />
    <testcase name="TestTrivialGradient" type_param="caffe::CPUDevice&lt;float&gt;" status="run" time="0.044" classname="TileLayerTest/0" />
    <testcase name="TestGradientNum" type_param="caffe::CPUDevice&lt;float&gt;" status="run" time="0.136" classname="TileLayerTest/0" />
    <testcase name="TestGradientChannels" type_param="caffe::CPUDevice&lt;float&gt;" status="run" time="0.142" classname="TileLayerTest/0" />
  </testsuite>
  <testsuite name="TileLayerTest/1" tests="7" failures="0" disabled="0" errors="0" time="0.327">
    <testcase name="TestTrivialSetup" type_param="caffe::CPUDevice&lt;double&gt;" status="run" time="0" classname="TileLayerTest/1" />
    <testcase name="TestSetup" type_param="caffe::CPUDevice&lt;double&gt;" status="run" time="0" classname="TileLayerTest/1" />
    <testcase name="TestForwardNum" type_param="caffe::CPUDevice&lt;double&gt;" status="run" time="0" classname="TileLayerTest/1" />
    <testcase name="TestForwardChannels" type_param="caffe::CPUDevice&lt;double&gt;" status="run" time="0" classname="TileLayerTest/1" />
    <testcase name="TestTrivialGradient" type_param="caffe::CPUDevice&lt;double&gt;" status="run" time="0.045" classname="TileLayerTest/1" />
    <testcase name="TestGradientNum" type_param="caffe::CPUDevice&lt;double&gt;" status="run" time="0.138" classname="TileLayerTest/1" />
    <testcase name="TestGradientChannels" type_param="caffe::CPUDevice&lt;double&gt;" status="run" time="0.144" classname="TileLayerTest/1" />
  </testsuite>
  <testsuite name="MLUTileLayerTest/0" tests="4" failures="0" disabled="0" errors="0" time="0.046">
    <testcase name="TestTrivialSetupMLU" type_param="caffe::MLUDevice&lt;float&gt;" status="run" time="0.008" classname="MLUTileLayerTest/0" />
    <testcase name="TestSetupMLU" type_param="caffe::MLUDevice&lt;float&gt;" status="run" time="0.007" classname="MLUTileLayerTest/0" />
    <testcase name="TestForwardNumMLU" type_param="caffe::MLUDevice&lt;float&gt;" status="run" time="0.015" classname="MLUTileLayerTest/0" />
    <testcase name="TestForwardChannelsMLU" type_param="caffe::MLUDevice&lt;float&gt;" status="run" time="0.015" classname="MLUTileLayerTest/0" />
  </testsuite>
  <testsuite name="MFUSTileLayerTest/0" tests="2" failures="0" disabled="0" errors="0" time="0.032">
    <testcase name="TestForwardNumMFUS" type_param="caffe::MFUSDevice&lt;float&gt;" status="run" time="0.016" classname="MFUSTileLayerTest/0" />
    <testcase name="TestForwardChannelsMFUS" type_param="caffe::MFUSDevice&lt;float&gt;" status="run" time="0.016" classname="MFUSTileLayerTest/0" />
  </testsuite>
  <testsuite name="ContrastiveLossLayerTest/0" tests="4" failures="0" disabled="0" errors="0" time="0.226">
    <testcase name="TestForward" type_param="caffe::CPUDevice&lt;float&gt;" status="run" time="0" classname="ContrastiveLossLayerTest/0" />
    <testcase name="TestGradient" type_param="caffe::CPUDevice&lt;float&gt;" status="run" time="0.119" classname="ContrastiveLossLayerTest/0" />
    <testcase name="TestForwardLegacy" type_param="caffe::CPUDevice&lt;float&gt;" status="run" time="0" classname="ContrastiveLossLayerTest/0" />
    <testcase name="TestGradientLegacy" type_param="caffe::CPUDevice&lt;float&gt;" status="run" time="0.107" classname="ContrastiveLossLayerTest/0" />
  </testsuite>
  <testsuite name="ContrastiveLossLayerTest/1" tests="4" failures="0" disabled="0" errors="0" time="0.233">
    <testcase name="TestForward" type_param="caffe::CPUDevice&lt;double&gt;" status="run" time="0" classname="ContrastiveLossLayerTest/1" />
    <testcase name="TestGradient" type_param="caffe::CPUDevice&lt;double&gt;" status="run" time="0.121" classname="ContrastiveLossLayerTest/1" />
    <testcase name="TestForwardLegacy" type_param="caffe::CPUDevice&lt;double&gt;" status="run" time="0" classname="ContrastiveLossLayerTest/1" />
    <testcase name="TestGradientLegacy" type_param="caffe::CPUDevice&lt;double&gt;" status="run" time="0.112" classname="ContrastiveLossLayerTest/1" />
  </testsuite>
  <testsuite name="MLUProposalLayerTest/0" tests="1" failures="0" disabled="0" errors="0" time="0.092">
    <testcase name="TestForward" type_param="caffe::MLUDevice&lt;float&gt;" status="run" time="0.092" classname="MLUProposalLayerTest/0" errRate="0.246711" bottom="bottom1:1 18 23 40 (16560)&#x09;bottom2:1 36 23 40 (33120)&#x09;bottom3:1 3 1 1 (3)" event_time="3373" />
  </testsuite>
  <testsuite name="MFUSProposalLayerTest/0" tests="1" failures="0" disabled="0" errors="0" time="0.085">
    <testcase name="TestForward" type_param="caffe::MLUDevice&lt;float&gt;" status="run" time="0.085" classname="MFUSProposalLayerTest/0" bottom="bottom1:1 18 23 40 (16560)&#x09;bottom2:1 36 23 40 (33120)&#x09;bottom3:1 3 1 1 (3)" errRate="0.250000" event_time="0" />
  </testsuite>
  <testsuite name="SoftmaxLayerTest/0" tests="2" failures="0" disabled="0" errors="0" time="0.114">
    <testcase name="TestForward" type_param="caffe::CPUDevice&lt;float&gt;" status="run" time="0" classname="SoftmaxLayerTest/0" />
    <testcase name="TestGradient" type_param="caffe::CPUDevice&lt;float&gt;" status="run" time="0.114" classname="SoftmaxLayerTest/0" />
  </testsuite>
  <testsuite name="SoftmaxLayerTest/1" tests="2" failures="0" disabled="0" errors="0" time="0.113">
    <testcase name="TestForward" type_param="caffe::CPUDevice&lt;double&gt;" status="run" time="0" classname="SoftmaxLayerTest/1" />
    <testcase name="TestGradient" type_param="caffe::CPUDevice&lt;double&gt;" status="run" time="0.113" classname="SoftmaxLayerTest/1" />
  </testsuite>
  <testsuite name="MLUSoftmaxLayerTest/0" tests="1" failures="0" disabled="0" errors="0" time="0.015">
    <testcase name="TestForward" type_param="caffe::MLUDevice&lt;float&gt;" status="run" time="0.015" classname="MLUSoftmaxLayerTest/0" bottom="bottom1:2 10 2 3 (120)" errRate="0.002121" event_time="8" />
  </testsuite>
  <testsuite name="MFUSSoftmaxLayerTest/0" tests="1" failures="0" disabled="0" errors="0" time="0.014">
    <testcase name="TestForward" type_param="caffe::MFUSDevice&lt;float&gt;" status="run" time="0.014" classname="MFUSSoftmaxLayerTest/0" bottom="bottom1:2 10 2 3 (120)" errRate="0.001733" event_time="8" />
  </testsuite>
  <testsuite name="ImageDataLayerTest/0" tests="4" failures="0" disabled="0" errors="0" time="0.381">
    <testcase name="TestRead" type_param="caffe::CPUDevice&lt;float&gt;" status="run" time="0.121" classname="ImageDataLayerTest/0" />
    <testcase name="TestResize" type_param="caffe::CPUDevice&lt;float&gt;" status="run" time="0.096" classname="ImageDataLayerTest/0" />
    <testcase name="TestReshape" type_param="caffe::CPUDevice&lt;float&gt;" status="run" time="0.048" classname="ImageDataLayerTest/0" />
    <testcase name="TestShuffle" type_param="caffe::CPUDevice&lt;float&gt;" status="run" time="0.116" classname="ImageDataLayerTest/0" />
  </testsuite>
  <testsuite name="ImageDataLayerTest/1" tests="4" failures="0" disabled="0" errors="0" time="0.433">
    <testcase name="TestRead" type_param="caffe::CPUDevice&lt;double&gt;" status="run" time="0.144" classname="ImageDataLayerTest/1" />
    <testcase name="TestResize" type_param="caffe::CPUDevice&lt;double&gt;" status="run" time="0.089" classname="ImageDataLayerTest/1" />
    <testcase name="TestReshape" type_param="caffe::CPUDevice&lt;double&gt;" status="run" time="0.056" classname="ImageDataLayerTest/1" />
    <testcase name="TestShuffle" type_param="caffe::CPUDevice&lt;double&gt;" status="run" time="0.144" classname="ImageDataLayerTest/1" />
  </testsuite>
  <testsuite name="SpliterTest/0" tests="1" failures="0" disabled="0" errors="0" time="0.001">
    <testcase name="TestInitialization" type_param="float" status="run" time="0.001" classname="SpliterTest/0" />
  </testsuite>
  <testsuite name="SpliterTest/1" tests="1" failures="0" disabled="0" errors="0" time="0">
    <testcase name="TestInitialization" type_param="double" status="run" time="0" classname="SpliterTest/1" />
  </testsuite>
  <testsuite name="ReshapeHelperTest/0" tests="1" failures="0" disabled="0" errors="0" time="0">
    <testcase name="TestInitialization" type_param="float" status="run" time="0" classname="ReshapeHelperTest/0" />
  </testsuite>
  <testsuite name="ReshapeHelperTest/1" tests="1" failures="0" disabled="0" errors="0" time="0">
    <testcase name="TestInitialization" type_param="double" status="run" time="0" classname="ReshapeHelperTest/1" />
  </testsuite>
  <testsuite name="IOTest" tests="26" failures="0" disabled="0" errors="0" time="0.167">
    <testcase name="TestReadImageToDatum" status="run" time="0.005" classname="IOTest" />
    <testcase name="TestReadImageToDatumReference" status="run" time="0.011" classname="IOTest" />
    <testcase name="TestReadImageToDatumReferenceResized" status="run" time="0.008" classname="IOTest" />
    <testcase name="TestReadImageToDatumContent" status="run" time="0.01" classname="IOTest" />
    <testcase name="TestReadImageToDatumContentGray" status="run" time="0.006" classname="IOTest" />
    <testcase name="TestReadImageToDatumResized" status="run" time="0.004" classname="IOTest" />
    <testcase name="TestReadImageToDatumResizedSquare" status="run" time="0.004" classname="IOTest" />
    <testcase name="TestReadImageToDatumGray" status="run" time="0.003" classname="IOTest" />
    <testcase name="TestReadImageToDatumResizedGray" status="run" time="0.003" classname="IOTest" />
    <testcase name="TestReadImageToCVMat" status="run" time="0.003" classname="IOTest" />
    <testcase name="TestReadImageToCVMatResized" status="run" time="0.004" classname="IOTest" />
    <testcase name="TestReadImageToCVMatResizedSquare" status="run" time="0.004" classname="IOTest" />
    <testcase name="TestReadImageToCVMatGray" status="run" time="0.002" classname="IOTest" />
    <testcase name="TestReadImageToCVMatResizedGray" status="run" time="0.003" classname="IOTest" />
    <testcase name="TestCVMatToDatum" status="run" time="0.004" classname="IOTest" />
    <testcase name="TestCVMatToDatumContent" status="run" time="0.011" classname="IOTest" />
    <testcase name="TestCVMatToDatumReference" status="run" time="0.011" classname="IOTest" />
    <testcase name="TestReadFileToDatum" status="run" time="0.001" classname="IOTest" />
    <testcase name="TestDecodeDatum" status="run" time="0.012" classname="IOTest" />
    <testcase name="TestDecodeDatumToCVMat" status="run" time="0.005" classname="IOTest" />
    <testcase name="TestDecodeDatumToCVMatContent" status="run" time="0.011" classname="IOTest" />
    <testcase name="TestDecodeDatumNative" status="run" time="0.012" classname="IOTest" />
    <testcase name="TestDecodeDatumToCVMatNative" status="run" time="0.003" classname="IOTest" />
    <testcase name="TestDecodeDatumNativeGray" status="run" time="0.013" classname="IOTest" />
    <testcase name="TestDecodeDatumToCVMatNativeGray" status="run" time="0.004" classname="IOTest" />
    <testcase name="TestDecodeDatumToCVMatContentNative" status="run" time="0.01" classname="IOTest" />
  </testsuite>
  <testsuite name="UpsampleLayerTest/0" tests="5" failures="0" disabled="0" errors="0" time="0.083">
    <testcase name="TestSetup" type_param="caffe::CPUDevice&lt;float&gt;" status="run" time="0" classname="UpsampleLayerTest/0" />
    <testcase name="TestForward" type_param="caffe::CPUDevice&lt;float&gt;" status="run" time="0" classname="UpsampleLayerTest/0" />
    <testcase name="TestForwardFromPool" type_param="caffe::CPUDevice&lt;float&gt;" status="run" time="0.001" classname="UpsampleLayerTest/0" />
    <testcase name="TestForwardFromPoolOddShape" type_param="caffe::CPUDevice&lt;float&gt;" status="run" time="0" classname="UpsampleLayerTest/0" />
    <testcase name="TestGradient" type_param="caffe::CPUDevice&lt;float&gt;" status="run" time="0.082" classname="UpsampleLayerTest/0" />
  </testsuite>
  <testsuite name="UpsampleLayerTest/1" tests="5" failures="0" disabled="0" errors="0" time="0.089">
    <testcase name="TestSetup" type_param="caffe::CPUDevice&lt;double&gt;" status="run" time="0" classname="UpsampleLayerTest/1" />
    <testcase name="TestForward" type_param="caffe::CPUDevice&lt;double&gt;" status="run" time="0" classname="UpsampleLayerTest/1" />
    <testcase name="TestForwardFromPool" type_param="caffe::CPUDevice&lt;double&gt;" status="run" time="0" classname="UpsampleLayerTest/1" />
    <testcase name="TestForwardFromPoolOddShape" type_param="caffe::CPUDevice&lt;double&gt;" status="run" time="0" classname="UpsampleLayerTest/1" />
    <testcase name="TestGradient" type_param="caffe::CPUDevice&lt;double&gt;" status="run" time="0.089" classname="UpsampleLayerTest/1" />
  </testsuite>
  <testsuite name="MLUUpsampleLayerTest/0" tests="5" failures="0" disabled="0" errors="0" time="0.09">
    <testcase name="TestSetup" type_param="caffe::MLUDevice&lt;float&gt;" status="run" time="0.008" classname="MLUUpsampleLayerTest/0" bottom1="2 3 2 2 (24)" bottom2="2 3 2 2 (24)" />
    <testcase name="TestForwardFromPool" type_param="caffe::MLUDevice&lt;float&gt;" status="run" time="0.018" classname="MLUUpsampleLayerTest/0" event_time="4" bottom="bottom1:2 3 2 2 (24)&#x09;bottom2:2 3 2 2 (24)" errRate="0.000000" />
    <testcase name="TestForwardNearestNeighbor" type_param="caffe::MLUDevice&lt;float&gt;" status="run" time="0.02" classname="MLUUpsampleLayerTest/0" event_time="12" />
    <testcase name="TestForwardFromPoolOddShape" type_param="caffe::MLUDevice&lt;float&gt;" status="run" time="0.019" classname="MLUUpsampleLayerTest/0" event_time="6" bottom="bottom1:3 5 4 5 (300)&#x09;bottom2:3 5 4 5 (300)" errRate="0.000000" />
    <testcase name="TestForwardNearestNeighborOddShape" type_param="caffe::MLUDevice&lt;float&gt;" status="run" time="0.025" classname="MLUUpsampleLayerTest/0" event_time="46" />
  </testsuite>
  <testsuite name="MFUSUpsampleLayerTest/0" tests="5" failures="0" disabled="0" errors="0" time="0.092">
    <testcase name="TestSetup" type_param="caffe::MFUSDevice&lt;float&gt;" status="run" time="0.008" classname="MFUSUpsampleLayerTest/0" bottom1="2 3 2 2 (24)" bottom2="2 3 2 2 (24)" />
    <testcase name="TestForwardFromPool" type_param="caffe::MFUSDevice&lt;float&gt;" status="run" time="0.018" classname="MFUSUpsampleLayerTest/0" event_time="4" bottom="bottom1:2 3 2 2 (24)&#x09;bottom2:2 3 2 2 (24)" errRate="0.000000" />
    <testcase name="TestForwardFromNearestNeighbor" type_param="caffe::MFUSDevice&lt;float&gt;" status="run" time="0.021" classname="MFUSUpsampleLayerTest/0" event_time="12" />
    <testcase name="TestForwardFromPoolOddShape" type_param="caffe::MFUSDevice&lt;float&gt;" status="run" time="0.019" classname="MFUSUpsampleLayerTest/0" event_time="0" bottom="bottom1:3 5 4 5 (300)&#x09;bottom2:3 5 4 5 (300)" errRate="0.000000" />
    <testcase name="TestForwardNearestNeighborOddShape" type_param="caffe::MFUSDevice&lt;float&gt;" status="run" time="0.024" classname="MFUSUpsampleLayerTest/0" event_time="46" />
  </testsuite>
  <testsuite name="CommonTest" tests="5" failures="0" disabled="0" errors="0" time="0.008">
    <testcase name="TestBrewMode" status="run" time="0" classname="CommonTest" />
    <testcase name="TestReshapeMode" status="run" time="0" classname="CommonTest" />
    <testcase name="TestMLUCore" status="run" time="0" classname="CommonTest" />
    <testcase name="TestMLUStream" status="run" time="0.008" classname="CommonTest" />
    <testcase name="TestRandSeedCPU" status="run" time="0" classname="CommonTest" />
  </testsuite>
  <testsuite name="ExpLayerTest/0" tests="9" failures="0" disabled="0" errors="0" time="0.001">
    <testcase name="TestSetup" type_param="caffe::CPUDevice&lt;float&gt;" status="run" time="0" classname="ExpLayerTest/0" />
    <testcase name="TestForward" type_param="caffe::CPUDevice&lt;float&gt;" status="run" time="0" classname="ExpLayerTest/0" />
    <testcase name="TestForward1Dim" type_param="caffe::CPUDevice&lt;float&gt;" status="run" time="0" classname="ExpLayerTest/0" />
    <testcase name="TestForward2Dim" type_param="caffe::CPUDevice&lt;float&gt;" status="run" time="0.001" classname="ExpLayerTest/0" />
    <testcase name="TestForwardWithShift" type_param="caffe::CPUDevice&lt;float&gt;" status="run" time="0" classname="ExpLayerTest/0" />
    <testcase name="TestForwardBase" type_param="caffe::CPUDevice&lt;float&gt;" status="run" time="0" classname="ExpLayerTest/0" />
    <testcase name="TestForwardBaseShift" type_param="caffe::CPUDevice&lt;float&gt;" status="run" time="0" classname="ExpLayerTest/0" />
    <testcase name="TestForwardBaseScale" type_param="caffe::CPUDevice&lt;float&gt;" status="run" time="0" classname="ExpLayerTest/0" />
    <testcase name="TestForwardBaseShiftScale" type_param="caffe::CPUDevice&lt;float&gt;" status="run" time="0" classname="ExpLayerTest/0" />
  </testsuite>
  <testsuite name="ExpLayerTest/1" tests="9" failures="0" disabled="0" errors="0" time="0.002">
    <testcase name="TestSetup" type_param="caffe::CPUDevice&lt;double&gt;" status="run" time="0" classname="ExpLayerTest/1" />
    <testcase name="TestForward" type_param="caffe::CPUDevice&lt;double&gt;" status="run" time="0.001" classname="ExpLayerTest/1" />
    <testcase name="TestForward1Dim" type_param="caffe::CPUDevice&lt;double&gt;" status="run" time="0" classname="ExpLayerTest/1" />
    <testcase name="TestForward2Dim" type_param="caffe::CPUDevice&lt;double&gt;" status="run" time="0" classname="ExpLayerTest/1" />
    <testcase name="TestForwardWithShift" type_param="caffe::CPUDevice&lt;double&gt;" status="run" time="0" classname="ExpLayerTest/1" />
    <testcase name="TestForwardBase" type_param="caffe::CPUDevice&lt;double&gt;" status="run" time="0" classname="ExpLayerTest/1" />
    <testcase name="TestForwardBaseShift" type_param="caffe::CPUDevice&lt;double&gt;" status="run" time="0" classname="ExpLayerTest/1" />
    <testcase name="TestForwardBaseScale" type_param="caffe::CPUDevice&lt;double&gt;" status="run" time="0" classname="ExpLayerTest/1" />
    <testcase name="TestForwardBaseShiftScale" type_param="caffe::CPUDevice&lt;double&gt;" status="run" time="0.001" classname="ExpLayerTest/1" />
  </testsuite>
  <testsuite name="MLUExpLayerTest/0" tests="9" failures="0" disabled="0" errors="0" time="0.156">
    <testcase name="TestSetup" type_param="caffe::MLUDevice&lt;float&gt;" status="run" time="0.007" classname="MLUExpLayerTest/0" />
    <testcase name="TestForward" type_param="caffe::MLUDevice&lt;float&gt;" status="run" time="0.018" classname="MLUExpLayerTest/0" param="base:-1&#x09;scale:1&#x09;shift:0" bottom="bottom1:3 5 7 11 (1155)" errRate="0.003872" event_time="10" />
    <testcase name="TestForward1Dim" type_param="caffe::MLUDevice&lt;float&gt;" status="run" time="0.019" classname="MLUExpLayerTest/0" param="base:-1&#x09;scale:1&#x09;shift:0" bottom="bottom1:51 (51)" errRate="0.003737" event_time="8" />
    <testcase name="TestForward2Dim" type_param="caffe::MLUDevice&lt;float&gt;" status="run" time="0.018" classname="MLUExpLayerTest/0" param="base:-1&#x09;scale:1&#x09;shift:0" bottom="bottom1:51 31 (1581)" errRate="0.003860" event_time="9" />
    <testcase name="TestForwardWithShift" type_param="caffe::MLUDevice&lt;float&gt;" status="run" time="0.019" classname="MLUExpLayerTest/0" param="base:-1&#x09;scale:1&#x09;shift:1" bottom="bottom1:3 5 7 11 (1155)" errRate="0.004183" event_time="10" />
    <testcase name="TestForwardBase" type_param="caffe::MLUDevice&lt;float&gt;" status="run" time="0.019" classname="MLUExpLayerTest/0" param="base:2&#x09;scale:1&#x09;shift:0" bottom="bottom1:3 5 7 11 (1155)" errRate="0.003501" event_time="10" />
    <testcase name="TestForwardBaseShift" type_param="caffe::MLUDevice&lt;float&gt;" status="run" time="0.019" classname="MLUExpLayerTest/0" param="base:2&#x09;scale:1&#x09;shift:1" bottom="bottom1:3 5 7 11 (1155)" errRate="0.003906" event_time="10" />
    <testcase name="TestForwardBaseScale" type_param="caffe::MLUDevice&lt;float&gt;" status="run" time="0.018" classname="MLUExpLayerTest/0" param="base:2&#x09;scale:3&#x09;shift:0" bottom="bottom1:3 5 7 11 (1155)" errRate="0.003825" event_time="10" />
    <testcase name="TestForwardBaseShiftScale" type_param="caffe::MLUDevice&lt;float&gt;" status="run" time="0.019" classname="MLUExpLayerTest/0" param="base:2&#x09;scale:3&#x09;shift:1" bottom="bottom1:3 5 7 11 (1155)" errRate="0.003723" event_time="11" />
  </testsuite>
  <testsuite name="MFUSExpLayerTest/0" tests="9" failures="0" disabled="0" errors="0" time="0.131">
    <testcase name="TestSetup" type_param="caffe::MLUDevice&lt;float&gt;" status="run" time="0.007" classname="MFUSExpLayerTest/0" />
    <testcase name="TestForward" type_param="caffe::MLUDevice&lt;float&gt;" status="run" time="0.015" classname="MFUSExpLayerTest/0" param="base:-1&#x09;scale:1&#x09;shift:0" bottom="bottom1:3 5 7 11 (1155)" errRate="0.003853" event_time="8" />
    <testcase name="TestForward1Dim" type_param="caffe::MLUDevice&lt;float&gt;" status="run" time="0.016" classname="MFUSExpLayerTest/0" param="base:-1&#x09;scale:1&#x09;shift:0" bottom="bottom1:51 (51)" errRate="0.004497" event_time="6" />
    <testcase name="TestForward2Dim" type_param="caffe::MLUDevice&lt;float&gt;" status="run" time="0.015" classname="MFUSExpLayerTest/0" param="base:-1&#x09;scale:1&#x09;shift:0" bottom="bottom1:51 31 (1581)" errRate="0.003891" event_time="7" />
    <testcase name="TestForwardWithShift" type_param="caffe::MLUDevice&lt;float&gt;" status="run" time="0.016" classname="MFUSExpLayerTest/0" param="base:-1&#x09;scale:1&#x09;shift:1" bottom="bottom1:3 5 7 11 (1155)" errRate="0.004113" event_time="8" />
    <testcase name="TestForwardBase" type_param="caffe::MLUDevice&lt;float&gt;" status="run" time="0.015" classname="MFUSExpLayerTest/0" param="base:2&#x09;scale:1&#x09;shift:0" bottom="bottom1:3 5 7 11 (1155)" errRate="0.003565" event_time="8" />
    <testcase name="TestForwardBaseShift" type_param="caffe::MLUDevice&lt;float&gt;" status="run" time="0.016" classname="MFUSExpLayerTest/0" param="base:2&#x09;scale:1&#x09;shift:1" bottom="bottom1:3 5 7 11 (1155)" errRate="0.004037" event_time="8" />
    <testcase name="TestForwardBaseScale" type_param="caffe::MLUDevice&lt;float&gt;" status="run" time="0.016" classname="MFUSExpLayerTest/0" param="base:2&#x09;scale:3&#x09;shift:0" bottom="bottom1:3 5 7 11 (1155)" errRate="0.003755" event_time="8" />
    <testcase name="TestForwardBaseShiftScale" type_param="caffe::MLUDevice&lt;float&gt;" status="run" time="0.015" classname="MFUSExpLayerTest/0" param="base:2&#x09;scale:3&#x09;shift:1" bottom="bottom1:3 5 7 11 (1155)" errRate="0.003695" event_time="9" />
  </testsuite>
  <testsuite name="LRNLayerTest/0" tests="10" failures="0" disabled="0" errors="0" time="1.554">
    <testcase name="TestSetupAcrossChannels" type_param="caffe::CPUDevice&lt;float&gt;" status="run" time="0" classname="LRNLayerTest/0" />
    <testcase name="TestForwardAcrossChannels" type_param="caffe::CPUDevice&lt;float&gt;" status="run" time="0" classname="LRNLayerTest/0" />
    <testcase name="TestForwardAcrossChannelsParam" type_param="caffe::CPUDevice&lt;float&gt;" status="run" time="0.001" classname="LRNLayerTest/0" />
    <testcase name="TestForwardAcrossChannelsLargeRegion" type_param="caffe::CPUDevice&lt;float&gt;" status="run" time="0" classname="LRNLayerTest/0" />
    <testcase name="TestGradientAcrossChannels" type_param="caffe::CPUDevice&lt;float&gt;" status="run" time="0.524" classname="LRNLayerTest/0" />
    <testcase name="TestGradientAcrossChannelsLargeRegion" type_param="caffe::CPUDevice&lt;float&gt;" status="run" time="0.616" classname="LRNLayerTest/0" />
    <testcase name="TestSetupWithinChannel" type_param="caffe::CPUDevice&lt;float&gt;" status="run" time="0" classname="LRNLayerTest/0" />
    <testcase name="TestForwardWithinChannel" type_param="caffe::CPUDevice&lt;float&gt;" status="run" time="0" classname="LRNLayerTest/0" />
    <testcase name="TestForwardWithinChannelParam" type_param="caffe::CPUDevice&lt;float&gt;" status="run" time="0" classname="LRNLayerTest/0" />
    <testcase name="TestGradientWithinChannel" type_param="caffe::CPUDevice&lt;float&gt;" status="run" time="0.413" classname="LRNLayerTest/0" />
  </testsuite>
  <testsuite name="LRNLayerTest/1" tests="10" failures="0" disabled="0" errors="0" time="1.621">
    <testcase name="TestSetupAcrossChannels" type_param="caffe::CPUDevice&lt;double&gt;" status="run" time="0" classname="LRNLayerTest/1" />
    <testcase name="TestForwardAcrossChannels" type_param="caffe::CPUDevice&lt;double&gt;" status="run" time="0" classname="LRNLayerTest/1" />
    <testcase name="TestForwardAcrossChannelsParam" type_param="caffe::CPUDevice&lt;double&gt;" status="run" time="0" classname="LRNLayerTest/1" />
    <testcase name="TestForwardAcrossChannelsLargeRegion" type_param="caffe::CPUDevice&lt;double&gt;" status="run" time="0" classname="LRNLayerTest/1" />
    <testcase name="TestGradientAcrossChannels" type_param="caffe::CPUDevice&lt;double&gt;" status="run" time="0.547" classname="LRNLayerTest/1" />
    <testcase name="TestGradientAcrossChannelsLargeRegion" type_param="caffe::CPUDevice&lt;double&gt;" status="run" time="0.655" classname="LRNLayerTest/1" />
    <testcase name="TestSetupWithinChannel" type_param="caffe::CPUDevice&lt;double&gt;" status="run" time="0" classname="LRNLayerTest/1" />
    <testcase name="TestForwardWithinChannel" type_param="caffe::CPUDevice&lt;double&gt;" status="run" time="0" classname="LRNLayerTest/1" />
    <testcase name="TestForwardWithinChannelParam" type_param="caffe::CPUDevice&lt;double&gt;" status="run" time="0" classname="LRNLayerTest/1" />
    <testcase name="TestGradientWithinChannel" type_param="caffe::CPUDevice&lt;double&gt;" status="run" time="0.418" classname="LRNLayerTest/1" />
  </testsuite>
  <testsuite name="MLULRNLayerTest/0" tests="7" failures="0" disabled="0" errors="0" time="0.148">
    <testcase name="TestSetupAcrossChannels" type_param="caffe::MLUDevice&lt;float&gt;" status="run" time="0.008" classname="MLULRNLayerTest/0" />
    <testcase name="TestForwardAcrossChannelsInt8" type_param="caffe::MLUDevice&lt;float&gt;" status="run" time="0.015" classname="MLULRNLayerTest/0" bottom="bottom1:2 7 3 3 (126)" errRate="0.006697" event_time="8" />
    <testcase name="TestForwardAcrossChannelsParamIn8" type_param="caffe::MLUDevice&lt;float&gt;" status="run" time="0.016" classname="MLULRNLayerTest/0" bottom="bottom1:2 7 3 3 (126)" param="alpha:0.001&#x09;beta:0.75" errRate="0.006283" event_time="8" />
    <testcase name="TestForwardAcrossChannelsLargeRegionInt8" type_param="caffe::MLUDevice&lt;float&gt;" status="run" time="0.015" classname="MLULRNLayerTest/0" bottom="bottom1:2 7 3 3 (126)" param="local_size:15" errRate="0.015058" event_time="8" />
    <testcase name="TestSetupWithinChannel" type_param="caffe::MLUDevice&lt;float&gt;" status="run" time="0.008" classname="MLULRNLayerTest/0" />
    <testcase name="TestForwardWithinChannelParamInt8" type_param="caffe::MLUDevice&lt;float&gt;" status="run" time="0.043" classname="MLULRNLayerTest/0" bottom="bottom1:2 7 3 3 (126)" param="alpha:0.001&#x09;beta:0.75&#x09;local_size:3" errRate="0.000004" event_time="31" />
    <testcase name="TestForwardWithinChannel" type_param="caffe::MLUDevice&lt;float&gt;" status="run" time="0.043" classname="MLULRNLayerTest/0" bottom="bottom1:2 7 3 3 (126)" param="local_size:3" errRate="0.000237" event_time="29" />
  </testsuite>
  <testsuite name="MFUSLRNLayerTest/0" tests="5" failures="0" disabled="0" errors="0" time="0.098">
    <testcase name="TestForwardAcrossChannelsInt8" type_param="caffe::MFUSDevice&lt;float&gt;" status="run" time="0.016" classname="MFUSLRNLayerTest/0" bottom="bottom1:2 7 3 3 (126)" errRate="0.002260" event_time="0" />
    <testcase name="TestForwardAcrossChannelsParamInt8" type_param="caffe::MFUSDevice&lt;float&gt;" status="run" time="0.016" classname="MFUSLRNLayerTest/0" bottom="bottom1:2 7 3 3 (126)" param="alpha:0.001&#x09;beta:0.75" errRate="0.001750" event_time="0" />
    <testcase name="TestForwardAcrossChannelsLargeRegionInt8" type_param="caffe::MFUSDevice&lt;float&gt;" status="run" time="0.016" classname="MFUSLRNLayerTest/0" bottom="bottom1:2 7 3 3 (126)" param="local_size:15" errRate="0.004755" event_time="0" />
    <testcase name="TestForwardWithinChannelParam" type_param="caffe::MFUSDevice&lt;float&gt;" status="run" time="0.025" classname="MFUSLRNLayerTest/0" bottom="bottom1:2 7 3 3 (126)" param="alpha:0.001&#x09;beta:0.75&#x09;local_size:3" errRate="0.000004" event_time="0" />
    <testcase name="TestForwardWithinChannel" type_param="caffe::MFUSDevice&lt;float&gt;" status="run" time="0.025" classname="MFUSLRNLayerTest/0" bottom="bottom1:2 7 3 3 (126)" param="local_size:3" errRate="0.000237" event_time="0" />
  </testsuite>
  <testsuite name="NeuronLayerTest/0" tests="50" failures="0" disabled="0" errors="0" time="0.168">
    <testcase name="TestAbsVal" type_param="caffe::CPUDevice&lt;float&gt;" status="run" time="0" classname="NeuronLayerTest/0" />
    <testcase name="TestAbsGradient" type_param="caffe::CPUDevice&lt;float&gt;" status="run" time="0.001" classname="NeuronLayerTest/0" />
    <testcase name="TestReLU" type_param="caffe::CPUDevice&lt;float&gt;" status="run" time="0" classname="NeuronLayerTest/0" />
    <testcase name="TestReLUGradient" type_param="caffe::CPUDevice&lt;float&gt;" status="run" time="0.001" classname="NeuronLayerTest/0" />
    <testcase name="TestReLUWithNegativeSlope" type_param="caffe::CPUDevice&lt;float&gt;" status="run" time="0" classname="NeuronLayerTest/0" />
    <testcase name="TestReLUGradientWithNegativeSlope" type_param="caffe::CPUDevice&lt;float&gt;" status="run" time="0.001" classname="NeuronLayerTest/0" />
    <testcase name="TestELU" type_param="caffe::CPUDevice&lt;float&gt;" status="run" time="0" classname="NeuronLayerTest/0" />
    <testcase name="TestELUasReLU" type_param="caffe::CPUDevice&lt;float&gt;" status="run" time="0" classname="NeuronLayerTest/0" />
    <testcase name="TestELUGradient" type_param="caffe::CPUDevice&lt;float&gt;" status="run" time="0.001" classname="NeuronLayerTest/0" />
    <testcase name="TestELUasReLUGradient" type_param="caffe::CPUDevice&lt;float&gt;" status="run" time="0.002" classname="NeuronLayerTest/0" />
    <testcase name="TestSigmoid" type_param="caffe::CPUDevice&lt;float&gt;" status="run" time="0" classname="NeuronLayerTest/0" />
    <testcase name="TestSigmoidGradient" type_param="caffe::CPUDevice&lt;float&gt;" status="run" time="0.001" classname="NeuronLayerTest/0" />
    <testcase name="TestTanH" type_param="caffe::CPUDevice&lt;float&gt;" status="run" time="0" classname="NeuronLayerTest/0" />
    <testcase name="TestTanHGradient" type_param="caffe::CPUDevice&lt;float&gt;" status="run" time="0.002" classname="NeuronLayerTest/0" />
    <testcase name="TestExpLayer" type_param="caffe::CPUDevice&lt;float&gt;" status="run" time="0" classname="NeuronLayerTest/0" />
    <testcase name="TestExpGradient" type_param="caffe::CPUDevice&lt;float&gt;" status="run" time="0.002" classname="NeuronLayerTest/0" />
    <testcase name="TestExpLayerWithShift" type_param="caffe::CPUDevice&lt;float&gt;" status="run" time="0" classname="NeuronLayerTest/0" />
    <testcase name="TestExpGradientWithShift" type_param="caffe::CPUDevice&lt;float&gt;" status="run" time="0.002" classname="NeuronLayerTest/0" />
    <testcase name="TestExpLayerBase2" type_param="caffe::CPUDevice&lt;float&gt;" status="run" time="0" classname="NeuronLayerTest/0" />
    <testcase name="TestExpGradientBase2" type_param="caffe::CPUDevice&lt;float&gt;" status="run" time="0.001" classname="NeuronLayerTest/0" />
    <testcase name="TestExpLayerBase2Shift1" type_param="caffe::CPUDevice&lt;float&gt;" status="run" time="0" classname="NeuronLayerTest/0" />
    <testcase name="TestExpGradientBase2Shift1" type_param="caffe::CPUDevice&lt;float&gt;" status="run" time="0.002" classname="NeuronLayerTest/0" />
    <testcase name="TestExpLayerBase2Scale3" type_param="caffe::CPUDevice&lt;float&gt;" status="run" time="0" classname="NeuronLayerTest/0" />
    <testcase name="TestExpGradientBase2Scale3" type_param="caffe::CPUDevice&lt;float&gt;" status="run" time="0.002" classname="NeuronLayerTest/0" />
    <testcase name="TestExpLayerBase2Shift1Scale3" type_param="caffe::CPUDevice&lt;float&gt;" status="run" time="0" classname="NeuronLayerTest/0" />
    <testcase name="TestExpGradientBase2Shift1Scale3" type_param="caffe::CPUDevice&lt;float&gt;" status="run" time="0.001" classname="NeuronLayerTest/0" />
    <testcase name="TestLogLayer" type_param="caffe::CPUDevice&lt;float&gt;" status="run" time="0" classname="NeuronLayerTest/0" />
    <testcase name="TestLogGradient" type_param="caffe::CPUDevice&lt;float&gt;" status="run" time="0.002" classname="NeuronLayerTest/0" />
    <testcase name="TestLogLayerBase2" type_param="caffe::CPUDevice&lt;float&gt;" status="run" time="0" classname="NeuronLayerTest/0" />
    <testcase name="TestLogGradientBase2" type_param="caffe::CPUDevice&lt;float&gt;" status="run" time="0.002" classname="NeuronLayerTest/0" />
    <testcase name="TestLogLayerBase2Shift1" type_param="caffe::CPUDevice&lt;float&gt;" status="run" time="0" classname="NeuronLayerTest/0" />
    <testcase name="TestLogGradientBase2Shift1" type_param="caffe::CPUDevice&lt;float&gt;" status="run" time="0.002" classname="NeuronLayerTest/0" />
    <testcase name="TestLogLayerBase2Scale3" type_param="caffe::CPUDevice&lt;float&gt;" status="run" time="0" classname="NeuronLayerTest/0" />
    <testcase name="TestLogGradientBase2Scale3" type_param="caffe::CPUDevice&lt;float&gt;" status="run" time="0.002" classname="NeuronLayerTest/0" />
    <testcase name="TestLogLayerBase2Shift1Scale3" type_param="caffe::CPUDevice&lt;float&gt;" status="run" time="0" classname="NeuronLayerTest/0" />
    <testcase name="TestLogGradientBase2Shift1Scale3" type_param="caffe::CPUDevice&lt;float&gt;" status="run" time="0.002" classname="NeuronLayerTest/0" />
    <testcase name="TestDropoutHalf" type_param="caffe::CPUDevice&lt;float&gt;" status="run" time="0" classname="NeuronLayerTest/0" />
    <testcase name="TestDropoutThreeQuarters" type_param="caffe::CPUDevice&lt;float&gt;" status="run" time="0" classname="NeuronLayerTest/0" />
    <testcase name="TestDropoutTestPhase" type_param="caffe::CPUDevice&lt;float&gt;" status="run" time="0" classname="NeuronLayerTest/0" />
    <testcase name="TestDropoutGradient" type_param="caffe::CPUDevice&lt;float&gt;" status="run" time="0.001" classname="NeuronLayerTest/0" />
    <testcase name="TestDropoutGradientTest" type_param="caffe::CPUDevice&lt;float&gt;" status="run" time="0.001" classname="NeuronLayerTest/0" />
    <testcase name="TestBNLL" type_param="caffe::CPUDevice&lt;float&gt;" status="run" time="0" classname="NeuronLayerTest/0" />
    <testcase name="TestBNLLGradient" type_param="caffe::CPUDevice&lt;float&gt;" status="run" time="0.003" classname="NeuronLayerTest/0" />
    <testcase name="TestPReLUParam" type_param="caffe::CPUDevice&lt;float&gt;" status="run" time="0" classname="NeuronLayerTest/0" />
    <testcase name="TestPReLUForward" type_param="caffe::CPUDevice&lt;float&gt;" status="run" time="0" classname="NeuronLayerTest/0" />
    <testcase name="TestPReLUForwardChannelShared" type_param="caffe::CPUDevice&lt;float&gt;" status="run" time="0" classname="NeuronLayerTest/0" />
    <testcase name="TestPReLUGradient" type_param="caffe::CPUDevice&lt;float&gt;" status="run" time="0.067" classname="NeuronLayerTest/0" />
    <testcase name="TestPReLUGradientChannelShared" type_param="caffe::CPUDevice&lt;float&gt;" status="run" time="0.066" classname="NeuronLayerTest/0" />
    <testcase name="TestPReLUConsistencyReLU" type_param="caffe::CPUDevice&lt;float&gt;" status="run" time="0" classname="NeuronLayerTest/0" />
    <testcase name="TestPReLUInPlace" type_param="caffe::CPUDevice&lt;float&gt;" status="run" time="0.001" classname="NeuronLayerTest/0" />
  </testsuite>
  <testsuite name="NeuronLayerTest/1" tests="50" failures="0" disabled="0" errors="0" time="0.165">
    <testcase name="TestAbsVal" type_param="caffe::CPUDevice&lt;double&gt;" status="run" time="0" classname="NeuronLayerTest/1" />
    <testcase name="TestAbsGradient" type_param="caffe::CPUDevice&lt;double&gt;" status="run" time="0.001" classname="NeuronLayerTest/1" />
    <testcase name="TestReLU" type_param="caffe::CPUDevice&lt;double&gt;" status="run" time="0" classname="NeuronLayerTest/1" />
    <testcase name="TestReLUGradient" type_param="caffe::CPUDevice&lt;double&gt;" status="run" time="0" classname="NeuronLayerTest/1" />
    <testcase name="TestReLUWithNegativeSlope" type_param="caffe::CPUDevice&lt;double&gt;" status="run" time="0" classname="NeuronLayerTest/1" />
    <testcase name="TestReLUGradientWithNegativeSlope" type_param="caffe::CPUDevice&lt;double&gt;" status="run" time="0.001" classname="NeuronLayerTest/1" />
    <testcase name="TestELU" type_param="caffe::CPUDevice&lt;double&gt;" status="run" time="0" classname="NeuronLayerTest/1" />
    <testcase name="TestELUasReLU" type_param="caffe::CPUDevice&lt;double&gt;" status="run" time="0" classname="NeuronLayerTest/1" />
    <testcase name="TestELUGradient" type_param="caffe::CPUDevice&lt;double&gt;" status="run" time="0.002" classname="NeuronLayerTest/1" />
    <testcase name="TestELUasReLUGradient" type_param="caffe::CPUDevice&lt;double&gt;" status="run" time="0.001" classname="NeuronLayerTest/1" />
    <testcase name="TestSigmoid" type_param="caffe::CPUDevice&lt;double&gt;" status="run" time="0" classname="NeuronLayerTest/1" />
    <testcase name="TestSigmoidGradient" type_param="caffe::CPUDevice&lt;double&gt;" status="run" time="0.002" classname="NeuronLayerTest/1" />
    <testcase name="TestTanH" type_param="caffe::CPUDevice&lt;double&gt;" status="run" time="0" classname="NeuronLayerTest/1" />
    <testcase name="TestTanHGradient" type_param="caffe::CPUDevice&lt;double&gt;" status="run" time="0.002" classname="NeuronLayerTest/1" />
    <testcase name="TestExpLayer" type_param="caffe::CPUDevice&lt;double&gt;" status="run" time="0" classname="NeuronLayerTest/1" />
    <testcase name="TestExpGradient" type_param="caffe::CPUDevice&lt;double&gt;" status="run" time="0.001" classname="NeuronLayerTest/1" />
    <testcase name="TestExpLayerWithShift" type_param="caffe::CPUDevice&lt;double&gt;" status="run" time="0" classname="NeuronLayerTest/1" />
    <testcase name="TestExpGradientWithShift" type_param="caffe::CPUDevice&lt;double&gt;" status="run" time="0.002" classname="NeuronLayerTest/1" />
    <testcase name="TestExpLayerBase2" type_param="caffe::CPUDevice&lt;double&gt;" status="run" time="0" classname="NeuronLayerTest/1" />
    <testcase name="TestExpGradientBase2" type_param="caffe::CPUDevice&lt;double&gt;" status="run" time="0.001" classname="NeuronLayerTest/1" />
    <testcase name="TestExpLayerBase2Shift1" type_param="caffe::CPUDevice&lt;double&gt;" status="run" time="0" classname="NeuronLayerTest/1" />
    <testcase name="TestExpGradientBase2Shift1" type_param="caffe::CPUDevice&lt;double&gt;" status="run" time="0.002" classname="NeuronLayerTest/1" />
    <testcase name="TestExpLayerBase2Scale3" type_param="caffe::CPUDevice&lt;double&gt;" status="run" time="0" classname="NeuronLayerTest/1" />
    <testcase name="TestExpGradientBase2Scale3" type_param="caffe::CPUDevice&lt;double&gt;" status="run" time="0.002" classname="NeuronLayerTest/1" />
    <testcase name="TestExpLayerBase2Shift1Scale3" type_param="caffe::CPUDevice&lt;double&gt;" status="run" time="0" classname="NeuronLayerTest/1" />
    <testcase name="TestExpGradientBase2Shift1Scale3" type_param="caffe::CPUDevice&lt;double&gt;" status="run" time="0.001" classname="NeuronLayerTest/1" />
    <testcase name="TestLogLayer" type_param="caffe::CPUDevice&lt;double&gt;" status="run" time="0" classname="NeuronLayerTest/1" />
    <testcase name="TestLogGradient" type_param="caffe::CPUDevice&lt;double&gt;" status="run" time="0.002" classname="NeuronLayerTest/1" />
    <testcase name="TestLogLayerBase2" type_param="caffe::CPUDevice&lt;double&gt;" status="run" time="0" classname="NeuronLayerTest/1" />
    <testcase name="TestLogGradientBase2" type_param="caffe::CPUDevice&lt;double&gt;" status="run" time="0.002" classname="NeuronLayerTest/1" />
    <testcase name="TestLogLayerBase2Shift1" type_param="caffe::CPUDevice&lt;double&gt;" status="run" time="0" classname="NeuronLayerTest/1" />
    <testcase name="TestLogGradientBase2Shift1" type_param="caffe::CPUDevice&lt;double&gt;" status="run" time="0.002" classname="NeuronLayerTest/1" />
    <testcase name="TestLogLayerBase2Scale3" type_param="caffe::CPUDevice&lt;double&gt;" status="run" time="0" classname="NeuronLayerTest/1" />
    <testcase name="TestLogGradientBase2Scale3" type_param="caffe::CPUDevice&lt;double&gt;" status="run" time="0.001" classname="NeuronLayerTest/1" />
    <testcase name="TestLogLayerBase2Shift1Scale3" type_param="caffe::CPUDevice&lt;double&gt;" status="run" time="0.001" classname="NeuronLayerTest/1" />
    <testcase name="TestLogGradientBase2Shift1Scale3" type_param="caffe::CPUDevice&lt;double&gt;" status="run" time="0.001" classname="NeuronLayerTest/1" />
    <testcase name="TestDropoutHalf" type_param="caffe::CPUDevice&lt;double&gt;" status="run" time="0" classname="NeuronLayerTest/1" />
    <testcase name="TestDropoutThreeQuarters" type_param="caffe::CPUDevice&lt;double&gt;" status="run" time="0" classname="NeuronLayerTest/1" />
    <testcase name="TestDropoutTestPhase" type_param="caffe::CPUDevice&lt;double&gt;" status="run" time="0" classname="NeuronLayerTest/1" />
    <testcase name="TestDropoutGradient" type_param="caffe::CPUDevice&lt;double&gt;" status="run" time="0.002" classname="NeuronLayerTest/1" />
    <testcase name="TestDropoutGradientTest" type_param="caffe::CPUDevice&lt;double&gt;" status="run" time="0.001" classname="NeuronLayerTest/1" />
    <testcase name="TestBNLL" type_param="caffe::CPUDevice&lt;double&gt;" status="run" time="0" classname="NeuronLayerTest/1" />
    <testcase name="TestBNLLGradient" type_param="caffe::CPUDevice&lt;double&gt;" status="run" time="0.002" classname="NeuronLayerTest/1" />
    <testcase name="TestPReLUParam" type_param="caffe::CPUDevice&lt;double&gt;" status="run" time="0" classname="NeuronLayerTest/1" />
    <testcase name="TestPReLUForward" type_param="caffe::CPUDevice&lt;double&gt;" status="run" time="0" classname="NeuronLayerTest/1" />
    <testcase name="TestPReLUForwardChannelShared" type_param="caffe::CPUDevice&lt;double&gt;" status="run" time="0" classname="NeuronLayerTest/1" />
    <testcase name="TestPReLUGradient" type_param="caffe::CPUDevice&lt;double&gt;" status="run" time="0.067" classname="NeuronLayerTest/1" />
    <testcase name="TestPReLUGradientChannelShared" type_param="caffe::CPUDevice&lt;double&gt;" status="run" time="0.065" classname="NeuronLayerTest/1" />
    <testcase name="TestPReLUConsistencyReLU" type_param="caffe::CPUDevice&lt;double&gt;" status="run" time="0" classname="NeuronLayerTest/1" />
    <testcase name="TestPReLUInPlace" type_param="caffe::CPUDevice&lt;double&gt;" status="run" time="0" classname="NeuronLayerTest/1" />
  </testsuite>
  <testsuite name="InfogainLossLayerTest/0" tests="2" failures="0" disabled="0" errors="0" time="0.001">
    <testcase name="TestInfogainLoss" type_param="caffe::CPUDevice&lt;float&gt;" status="run" time="0" classname="InfogainLossLayerTest/0" />
    <testcase name="TestGradient" type_param="caffe::CPUDevice&lt;float&gt;" status="run" time="0.001" classname="InfogainLossLayerTest/0" />
  </testsuite>
  <testsuite name="InfogainLossLayerTest/1" tests="2" failures="0" disabled="0" errors="0" time="0.001">
    <testcase name="TestInfogainLoss" type_param="caffe::CPUDevice&lt;double&gt;" status="run" time="0" classname="InfogainLossLayerTest/1" />
    <testcase name="TestGradient" type_param="caffe::CPUDevice&lt;double&gt;" status="run" time="0.001" classname="InfogainLossLayerTest/1" />
  </testsuite>
  <testsuite name="DummyDataLayerTest/0" tests="3" failures="0" disabled="0" errors="0" time="0">
    <testcase name="TestOneTopConstant" type_param="float" status="run" time="0" classname="DummyDataLayerTest/0" />
    <testcase name="TestTwoTopConstant" type_param="float" status="run" time="0" classname="DummyDataLayerTest/0" />
    <testcase name="TestThreeTopConstantGaussianConstant" type_param="float" status="run" time="0" classname="DummyDataLayerTest/0" />
  </testsuite>
  <testsuite name="DummyDataLayerTest/1" tests="3" failures="0" disabled="0" errors="0" time="0">
    <testcase name="TestOneTopConstant" type_param="double" status="run" time="0" classname="DummyDataLayerTest/1" />
    <testcase name="TestTwoTopConstant" type_param="double" status="run" time="0" classname="DummyDataLayerTest/1" />
    <testcase name="TestThreeTopConstantGaussianConstant" type_param="double" status="run" time="0" classname="DummyDataLayerTest/1" />
  </testsuite>
  <testsuite name="SigmoidLayerTest/0" tests="2" failures="0" disabled="0" errors="0" time="0.001">
    <testcase name="TestSetup" type_param="caffe::CPUDevice&lt;float&gt;" status="run" time="0" classname="SigmoidLayerTest/0" />
    <testcase name="TestForward1Batch" type_param="caffe::CPUDevice&lt;float&gt;" status="run" time="0.001" classname="SigmoidLayerTest/0" />
  </testsuite>
  <testsuite name="SigmoidLayerTest/1" tests="2" failures="0" disabled="0" errors="0" time="0.001">
    <testcase name="TestSetup" type_param="caffe::CPUDevice&lt;double&gt;" status="run" time="0" classname="SigmoidLayerTest/1" />
    <testcase name="TestForward1Batch" type_param="caffe::CPUDevice&lt;double&gt;" status="run" time="0.001" classname="SigmoidLayerTest/1" />
  </testsuite>
  <testsuite name="MLUSigmoidLayerTest/0" tests="3" failures="0" disabled="0" errors="0" time="0.034">
    <testcase name="TestSetup" type_param="caffe::MLUDevice&lt;float&gt;" status="run" time="0.007" classname="MLUSigmoidLayerTest/0" bottom1="3 5 7 11 (1155)" />
    <testcase name="TestForward" type_param="caffe::MLUDevice&lt;float&gt;" status="run" time="0.013" classname="MLUSigmoidLayerTest/0" errRate="0.001402" event_time="3" bottom="bottom1:3 5 7 11 (1155)" />
    <testcase name="TestForward1Batch" type_param="caffe::MLUDevice&lt;float&gt;" status="run" time="0.014" classname="MLUSigmoidLayerTest/0" errRate="0.001393" event_time="7" bottom="bottom1:7 15 11 13 (15015)" />
  </testsuite>
  <testsuite name="MFUSSigmoidLayerTest/0" tests="3" failures="0" disabled="0" errors="0" time="0.034">
    <testcase name="TestSetup" type_param="caffe::MFUSDevice&lt;float&gt;" status="run" time="0.007" classname="MFUSSigmoidLayerTest/0" bottom1="3 5 7 11 (1155)" />
    <testcase name="TestForward" type_param="caffe::MFUSDevice&lt;float&gt;" status="run" time="0.013" classname="MFUSSigmoidLayerTest/0" errRate="0.001392" event_time="3" bottom="bottom1:3 5 7 11 (1155)" />
    <testcase name="TestForward1Batch" type_param="caffe::MFUSDevice&lt;float&gt;" status="run" time="0.014" classname="MFUSSigmoidLayerTest/0" errRate="0.001377" event_time="7" bottom="bottom1:7 15 11 13 (15015)" />
  </testsuite>
  <testsuite name="RandomNumberGeneratorTest/0" tests="11" failures="0" disabled="0" errors="0" time="0.002">
    <testcase name="TestRngGaussian" type_param="float" status="run" time="0" classname="RandomNumberGeneratorTest/0" />
    <testcase name="TestRngGaussian2" type_param="float" status="run" time="0" classname="RandomNumberGeneratorTest/0" />
    <testcase name="TestRngUniform" type_param="float" status="run" time="0.001" classname="RandomNumberGeneratorTest/0" />
    <testcase name="TestRngUniform2" type_param="float" status="run" time="0" classname="RandomNumberGeneratorTest/0" />
    <testcase name="TestRngBernoulli" type_param="float" status="run" time="0" classname="RandomNumberGeneratorTest/0" />
    <testcase name="TestRngBernoulli2" type_param="float" status="run" time="0" classname="RandomNumberGeneratorTest/0" />
    <testcase name="TestRngGaussianTimesGaussian" type_param="float" status="run" time="0" classname="RandomNumberGeneratorTest/0" />
    <testcase name="TestRngUniformTimesUniform" type_param="float" status="run" time="0" classname="RandomNumberGeneratorTest/0" />
    <testcase name="TestRngGaussianTimesBernoulli" type_param="float" status="run" time="0" classname="RandomNumberGeneratorTest/0" />
    <testcase name="TestRngUniformTimesBernoulli" type_param="float" status="run" time="0.001" classname="RandomNumberGeneratorTest/0" />
    <testcase name="TestRngBernoulliTimesBernoulli" type_param="float" status="run" time="0" classname="RandomNumberGeneratorTest/0" />
  </testsuite>
  <testsuite name="RandomNumberGeneratorTest/1" tests="11" failures="0" disabled="0" errors="0" time="0.002">
    <testcase name="TestRngGaussian" type_param="double" status="run" time="0" classname="RandomNumberGeneratorTest/1" />
    <testcase name="TestRngGaussian2" type_param="double" status="run" time="0" classname="RandomNumberGeneratorTest/1" />
    <testcase name="TestRngUniform" type_param="double" status="run" time="0" classname="RandomNumberGeneratorTest/1" />
    <testcase name="TestRngUniform2" type_param="double" status="run" time="0" classname="RandomNumberGeneratorTest/1" />
    <testcase name="TestRngBernoulli" type_param="double" status="run" time="0.001" classname="RandomNumberGeneratorTest/1" />
    <testcase name="TestRngBernoulli2" type_param="double" status="run" time="0" classname="RandomNumberGeneratorTest/1" />
    <testcase name="TestRngGaussianTimesGaussian" type_param="double" status="run" time="0" classname="RandomNumberGeneratorTest/1" />
    <testcase name="TestRngUniformTimesUniform" type_param="double" status="run" time="0" classname="RandomNumberGeneratorTest/1" />
    <testcase name="TestRngGaussianTimesBernoulli" type_param="double" status="run" time="0" classname="RandomNumberGeneratorTest/1" />
    <testcase name="TestRngUniformTimesBernoulli" type_param="double" status="run" time="0.001" classname="RandomNumberGeneratorTest/1" />
    <testcase name="TestRngBernoulliTimesBernoulli" type_param="double" status="run" time="0" classname="RandomNumberGeneratorTest/1" />
  </testsuite>
  <testsuite name="LstmReshapeTest/0" tests="8" failures="0" disabled="0" errors="0" time="0">
    <testcase name="TestOutputSizes" type_param="caffe::CPUDevice&lt;float&gt;" status="run" time="0" classname="LstmReshapeTest/0" />
    <testcase name="TestValues" type_param="caffe::CPUDevice&lt;float&gt;" status="run" time="0" classname="LstmReshapeTest/0" />
    <testcase name="TestCopyDimensions" type_param="caffe::CPUDevice&lt;float&gt;" status="run" time="0" classname="LstmReshapeTest/0" />
    <testcase name="TestInferenceOfUnspecified" type_param="caffe::CPUDevice&lt;float&gt;" status="run" time="0" classname="LstmReshapeTest/0" />
    <testcase name="TestInferenceOfUnspecifiedWithStartAxis" type_param="caffe::CPUDevice&lt;float&gt;" status="run" time="0" classname="LstmReshapeTest/0" />
    <testcase name="TestFlattenMiddle" type_param="caffe::CPUDevice&lt;float&gt;" status="run" time="0" classname="LstmReshapeTest/0" />
    <testcase name="TestForward" type_param="caffe::CPUDevice&lt;float&gt;" status="run" time="0" classname="LstmReshapeTest/0" />
    <testcase name="TestForwardAfterReshape" type_param="caffe::CPUDevice&lt;float&gt;" status="run" time="0" classname="LstmReshapeTest/0" />
  </testsuite>
  <testsuite name="LstmReshapeTest/1" tests="8" failures="0" disabled="0" errors="0" time="0">
    <testcase name="TestOutputSizes" type_param="caffe::CPUDevice&lt;double&gt;" status="run" time="0" classname="LstmReshapeTest/1" />
    <testcase name="TestValues" type_param="caffe::CPUDevice&lt;double&gt;" status="run" time="0" classname="LstmReshapeTest/1" />
    <testcase name="TestCopyDimensions" type_param="caffe::CPUDevice&lt;double&gt;" status="run" time="0" classname="LstmReshapeTest/1" />
    <testcase name="TestInferenceOfUnspecified" type_param="caffe::CPUDevice&lt;double&gt;" status="run" time="0" classname="LstmReshapeTest/1" />
    <testcase name="TestInferenceOfUnspecifiedWithStartAxis" type_param="caffe::CPUDevice&lt;double&gt;" status="run" time="0" classname="LstmReshapeTest/1" />
    <testcase name="TestFlattenMiddle" type_param="caffe::CPUDevice&lt;double&gt;" status="run" time="0" classname="LstmReshapeTest/1" />
    <testcase name="TestForward" type_param="caffe::CPUDevice&lt;double&gt;" status="run" time="0" classname="LstmReshapeTest/1" />
    <testcase name="TestForwardAfterReshape" type_param="caffe::CPUDevice&lt;double&gt;" status="run" time="0" classname="LstmReshapeTest/1" />
  </testsuite>
  <testsuite name="MLULstmReshapeTest/0" tests="7" failures="0" disabled="0" errors="0" time="0.084">
    <testcase name="TestOutputSizes" type_param="caffe::MLUDevice&lt;float&gt;" status="run" time="0.007" classname="MLULstmReshapeTest/0" />
    <testcase name="TestValues" type_param="caffe::MLUDevice&lt;float&gt;" status="run" time="0.024" classname="MLULstmReshapeTest/0" bottom="bottom1:1 50 4 5 (1000)" errRate="0.000000" event_time="16" />
    <testcase name="TestCopyDimensions" type_param="caffe::MLUDevice&lt;float&gt;" status="run" time="0.007" classname="MLULstmReshapeTest/0" />
    <testcase name="TestInferenceOfUnspecified" type_param="caffe::MLUDevice&lt;float&gt;" status="run" time="0.007" classname="MLULstmReshapeTest/0" />
    <testcase name="TestInferenceOfUnspecifiedWithStartAxis" type_param="caffe::MLUDevice&lt;float&gt;" status="run" time="0.007" classname="MLULstmReshapeTest/0" />
    <testcase name="TestFlattenMiddle" type_param="caffe::MLUDevice&lt;float&gt;" status="run" time="0.007" classname="MLULstmReshapeTest/0" />
    <testcase name="TestForward" type_param="caffe::MLUDevice&lt;float&gt;" status="run" time="0.024" classname="MLULstmReshapeTest/0" bottom="bottom1:1 50 4 5 (1000)" errRate="0.000000" event_time="13" />
  </testsuite>
  <testsuite name="MFUSLstmReshapeTest/0" tests="2" failures="0" disabled="0" errors="0" time="0.037">
    <testcase name="TestValues" type_param="caffe::MFUSDevice&lt;float&gt;" status="run" time="0.018" classname="MFUSLstmReshapeTest/0" bottom="bottom1:1 50 4 5 (1000)" errRate="-0.000000" event_time="11" />
    <testcase name="TestForward" type_param="caffe::MFUSDevice&lt;float&gt;" status="run" time="0.018" classname="MFUSLstmReshapeTest/0" bottom="bottom1:1 50 4 5 (1000)" errRate="0.000000" event_time="8" />
  </testsuite>
  <testsuite name="FilterLayerTest/0" tests="3" failures="0" disabled="0" errors="0" time="0.151">
    <testcase name="TestReshape" type_param="caffe::CPUDevice&lt;float&gt;" status="run" time="0" classname="FilterLayerTest/0" />
    <testcase name="TestForward" type_param="caffe::CPUDevice&lt;float&gt;" status="run" time="0" classname="FilterLayerTest/0" />
    <testcase name="TestGradient" type_param="caffe::CPUDevice&lt;float&gt;" status="run" time="0.151" classname="FilterLayerTest/0" />
  </testsuite>
  <testsuite name="FilterLayerTest/1" tests="3" failures="0" disabled="0" errors="0" time="0.154">
    <testcase name="TestReshape" type_param="caffe::CPUDevice&lt;double&gt;" status="run" time="0" classname="FilterLayerTest/1" />
    <testcase name="TestForward" type_param="caffe::CPUDevice&lt;double&gt;" status="run" time="0" classname="FilterLayerTest/1" />
    <testcase name="TestGradient" type_param="caffe::CPUDevice&lt;double&gt;" status="run" time="0.154" classname="FilterLayerTest/1" />
  </testsuite>
  <testsuite name="MLUImagecropLayerTest/0" tests="1" failures="0" disabled="0" errors="0" time="0.038">
    <testcase name="TestForward" type_param="caffe::MLUDevice&lt;float&gt;" status="run" time="0.038" classname="MLUImagecropLayerTest/0" />
  </testsuite>
  <testsuite name="MFUSImagecropLayerTest/0" tests="2" failures="0" disabled="0" errors="0" time="0.072">
    <testcase name="TestForward_200_300" type_param="caffe::MFUSDevice&lt;float&gt;" status="run" time="0.034" classname="MFUSImagecropLayerTest/0" />
    <testcase name="TestForward_300_320" type_param="caffe::MFUSDevice&lt;float&gt;" status="run" time="0.038" classname="MFUSImagecropLayerTest/0" />
  </testsuite>
  <testsuite name="SubNetTest/0" tests="2" failures="0" disabled="0" errors="0" time="0.023">
    <testcase name="TestInitialization" type_param="caffe::MFUSDevice&lt;float&gt;" status="run" time="0.008" classname="SubNetTest/0" />
    <testcase name="TestForward" type_param="caffe::MFUSDevice&lt;float&gt;" status="run" time="0.015" classname="SubNetTest/0" />
  </testsuite>
  <testsuite name="ConvolutionLayerTest/0" tests="12" failures="0" disabled="0" errors="0" time="0.606">
    <testcase name="TestSetup" type_param="caffe::CPUDevice&lt;float&gt;" status="run" time="0" classname="ConvolutionLayerTest/0" />
    <testcase name="TestSimpleConvolution" type_param="caffe::CPUDevice&lt;float&gt;" status="run" time="0" classname="ConvolutionLayerTest/0" />
    <testcase name="TestDilatedConvolution" type_param="caffe::CPUDevice&lt;float&gt;" status="run" time="0.001" classname="ConvolutionLayerTest/0" />
    <testcase name="Test0DConvolution" type_param="caffe::CPUDevice&lt;float&gt;" status="run" time="0" classname="ConvolutionLayerTest/0" />
    <testcase name="Test1x1Convolution" type_param="caffe::CPUDevice&lt;float&gt;" status="run" time="0" classname="ConvolutionLayerTest/0" />
    <testcase name="TestSimpleConvolutionGroup" type_param="caffe::CPUDevice&lt;float&gt;" status="run" time="0" classname="ConvolutionLayerTest/0" />
    <testcase name="TestSobelConvolution" type_param="caffe::CPUDevice&lt;float&gt;" status="run" time="0" classname="ConvolutionLayerTest/0" />
    <testcase name="TestNDAgainst2D" type_param="caffe::CPUDevice&lt;float&gt;" status="run" time="0.158" classname="ConvolutionLayerTest/0" />
    <testcase name="TestGradient" type_param="caffe::CPUDevice&lt;float&gt;" status="run" time="0.045" classname="ConvolutionLayerTest/0" />
    <testcase name="TestDilatedGradient" type_param="caffe::CPUDevice&lt;float&gt;" status="run" time="0.011" classname="ConvolutionLayerTest/0" />
    <testcase name="Test1x1Gradient" type_param="caffe::CPUDevice&lt;float&gt;" status="run" time="0.377" classname="ConvolutionLayerTest/0" />
    <testcase name="TestGradientGroup" type_param="caffe::CPUDevice&lt;float&gt;" status="run" time="0.014" classname="ConvolutionLayerTest/0" />
  </testsuite>
  <testsuite name="ConvolutionLayerTest/1" tests="12" failures="0" disabled="0" errors="0" time="0.578">
    <testcase name="TestSetup" type_param="caffe::CPUDevice&lt;double&gt;" status="run" time="0" classname="ConvolutionLayerTest/1" />
    <testcase name="TestSimpleConvolution" type_param="caffe::CPUDevice&lt;double&gt;" status="run" time="0" classname="ConvolutionLayerTest/1" />
    <testcase name="TestDilatedConvolution" type_param="caffe::CPUDevice&lt;double&gt;" status="run" time="0.001" classname="ConvolutionLayerTest/1" />
    <testcase name="Test0DConvolution" type_param="caffe::CPUDevice&lt;double&gt;" status="run" time="0" classname="ConvolutionLayerTest/1" />
    <testcase name="Test1x1Convolution" type_param="caffe::CPUDevice&lt;double&gt;" status="run" time="0" classname="ConvolutionLayerTest/1" />
    <testcase name="TestSimpleConvolutionGroup" type_param="caffe::CPUDevice&lt;double&gt;" status="run" time="0" classname="ConvolutionLayerTest/1" />
    <testcase name="TestSobelConvolution" type_param="caffe::CPUDevice&lt;double&gt;" status="run" time="0" classname="ConvolutionLayerTest/1" />
    <testcase name="TestNDAgainst2D" type_param="caffe::CPUDevice&lt;double&gt;" status="run" time="0.157" classname="ConvolutionLayerTest/1" />
    <testcase name="TestGradient" type_param="caffe::CPUDevice&lt;double&gt;" status="run" time="0.043" classname="ConvolutionLayerTest/1" />
    <testcase name="TestDilatedGradient" type_param="caffe::CPUDevice&lt;double&gt;" status="run" time="0.011" classname="ConvolutionLayerTest/1" />
    <testcase name="Test1x1Gradient" type_param="caffe::CPUDevice&lt;double&gt;" status="run" time="0.351" classname="ConvolutionLayerTest/1" />
    <testcase name="TestGradientGroup" type_param="caffe::CPUDevice&lt;double&gt;" status="run" time="0.015" classname="ConvolutionLayerTest/1" />
  </testsuite>
  <testsuite name="MLUConvolutionLayerTest/0" tests="6" failures="0" disabled="0" errors="0" time="0.085">
    <testcase name="TestSetup" type_param="caffe::MLUDevice&lt;float&gt;" status="run" time="0.007" classname="MLUConvolutionLayerTest/0" bottom1="2 3 6 4 (144)" bottom2="2 3 6 4 (144)" />
    <testcase name="TestSimpleConvolutionInt8" type_param="caffe::MLUDevice&lt;float&gt;" status="run" time="0.016" classname="MLUConvolutionLayerTest/0" errRate="0.000000" bottom1="2 3 6 4 (144)" event_time="6" />
    <testcase name="TestSimpleConvolutionInt16" type_param="caffe::MLUDevice&lt;float&gt;" status="run" time="0.016" classname="MLUConvolutionLayerTest/0" errRate="0.000000" bottom1="2 3 6 4 (144)" event_time="7" />
    <testcase name="TestSimpleConvolutionGroup" type_param="caffe::MLUDevice&lt;float&gt;" status="run" time="0.015" classname="MLUConvolutionLayerTest/0" bottom="bottom1:2 3 6 4 (144)" errRate="0.000000" event_time="5" />
    <testcase name="Test1x1ConvolutionInt8" type_param="caffe::MLUDevice&lt;float&gt;" status="run" time="0.016" classname="MLUConvolutionLayerTest/0" bottom="bottom1:2 3 6 4 (144)" errRate="0.000727" event_time="4" />
    <testcase name="Test1x1ConvolutionInt16" type_param="caffe::MLUDevice&lt;float&gt;" status="run" time="0.015" classname="MLUConvolutionLayerTest/0" bottom="bottom1:2 3 6 4 (144)" errRate="0.000208" event_time="4" />
  </testsuite>
  <testsuite name="MFUSConvolutionLayerTest/0" tests="6" failures="0" disabled="0" errors="0" time="0.084">
    <testcase name="TestSetup" type_param="caffe::MLUDevice&lt;float&gt;" status="run" time="0.008" classname="MFUSConvolutionLayerTest/0" bottom1="2 3 6 4 (144)" />
    <testcase name="TestSimpleConvolutionInt8" type_param="caffe::MLUDevice&lt;float&gt;" status="run" time="0.015" classname="MFUSConvolutionLayerTest/0" bottom1="2 3 6 4 (144)" event_time="5" />
    <testcase name="TestSimpleConvolutionInt16" type_param="caffe::MLUDevice&lt;float&gt;" status="run" time="0.016" classname="MFUSConvolutionLayerTest/0" bottom="bottom1:2 3 6 4 (144)" errRate="0.000370" bottom1="2 3 6 4 (144)" event_time="6" />
    <testcase name="TestSimpleConvolutionGroup" type_param="caffe::MLUDevice&lt;float&gt;" status="run" time="0.015" classname="MFUSConvolutionLayerTest/0" bottom="bottom1:2 3 6 4 (144)" errRate="0.000000" event_time="5" />
    <testcase name="Test1x1ConvolutionInt8" type_param="caffe::MLUDevice&lt;float&gt;" status="run" time="0.015" classname="MFUSConvolutionLayerTest/0" bottom="bottom1:2 3 6 4 (144)" errRate="0.000727" event_time="4" />
    <testcase name="Test1x1ConvolutionInt16" type_param="caffe::MLUDevice&lt;float&gt;" status="run" time="0.015" classname="MFUSConvolutionLayerTest/0" bottom="bottom1:2 3 6 4 (144)" errRate="0.000208" event_time="4" />
  </testsuite>
  <testsuite name="AccuracyLayerTest/0" tests="9" failures="0" disabled="0" errors="0" time="0.004">
    <testcase name="TestSetup" type_param="caffe::CPUDevice&lt;float&gt;" status="run" time="0" classname="AccuracyLayerTest/0" />
    <testcase name="TestSetupTopK" type_param="caffe::CPUDevice&lt;float&gt;" status="run" time="0" classname="AccuracyLayerTest/0" />
    <testcase name="TestSetupOutputPerClass" type_param="caffe::CPUDevice&lt;float&gt;" status="run" time="0" classname="AccuracyLayerTest/0" />
    <testcase name="TestForward" type_param="caffe::CPUDevice&lt;float&gt;" status="run" time="0.001" classname="AccuracyLayerTest/0" />
    <testcase name="TestForwardWithSpatialAxes" type_param="caffe::CPUDevice&lt;float&gt;" status="run" time="0" classname="AccuracyLayerTest/0" />
    <testcase name="TestForwardIgnoreLabel" type_param="caffe::CPUDevice&lt;float&gt;" status="run" time="0" classname="AccuracyLayerTest/0" />
    <testcase name="TestForwardTopK" type_param="caffe::CPUDevice&lt;float&gt;" status="run" time="0.002" classname="AccuracyLayerTest/0" />
    <testcase name="TestForwardPerClass" type_param="caffe::CPUDevice&lt;float&gt;" status="run" time="0.001" classname="AccuracyLayerTest/0" />
    <testcase name="TestForwardPerClassWithIgnoreLabel" type_param="caffe::CPUDevice&lt;float&gt;" status="run" time="0" classname="AccuracyLayerTest/0" />
  </testsuite>
  <testsuite name="AccuracyLayerTest/1" tests="9" failures="0" disabled="0" errors="0" time="0.004">
    <testcase name="TestSetup" type_param="caffe::CPUDevice&lt;double&gt;" status="run" time="0" classname="AccuracyLayerTest/1" />
    <testcase name="TestSetupTopK" type_param="caffe::CPUDevice&lt;double&gt;" status="run" time="0" classname="AccuracyLayerTest/1" />
    <testcase name="TestSetupOutputPerClass" type_param="caffe::CPUDevice&lt;double&gt;" status="run" time="0" classname="AccuracyLayerTest/1" />
    <testcase name="TestForward" type_param="caffe::CPUDevice&lt;double&gt;" status="run" time="0.001" classname="AccuracyLayerTest/1" />
    <testcase name="TestForwardWithSpatialAxes" type_param="caffe::CPUDevice&lt;double&gt;" status="run" time="0" classname="AccuracyLayerTest/1" />
    <testcase name="TestForwardIgnoreLabel" type_param="caffe::CPUDevice&lt;double&gt;" status="run" time="0" classname="AccuracyLayerTest/1" />
    <testcase name="TestForwardTopK" type_param="caffe::CPUDevice&lt;double&gt;" status="run" time="0.002" classname="AccuracyLayerTest/1" />
    <testcase name="TestForwardPerClass" type_param="caffe::CPUDevice&lt;double&gt;" status="run" time="0.001" classname="AccuracyLayerTest/1" />
    <testcase name="TestForwardPerClassWithIgnoreLabel" type_param="caffe::CPUDevice&lt;double&gt;" status="run" time="0" classname="AccuracyLayerTest/1" />
  </testsuite>
  <testsuite name="DetectionOutputLayerTest/0" tests="2" failures="0" disabled="0" errors="0" time="0.014">
    <testcase name="TestSetup" type_param="caffe::CPUDevice&lt;float&gt;" status="run" time="0.004" classname="DetectionOutputLayerTest/0" />
    <testcase name="TestForward" type_param="caffe::CPUDevice&lt;float&gt;" status="run" time="0.01" classname="DetectionOutputLayerTest/0" />
  </testsuite>
  <testsuite name="DetectionOutputLayerTest/1" tests="2" failures="0" disabled="0" errors="0" time="0.017">
    <testcase name="TestSetup" type_param="caffe::CPUDevice&lt;double&gt;" status="run" time="0.005" classname="DetectionOutputLayerTest/1" />
    <testcase name="TestForward" type_param="caffe::CPUDevice&lt;double&gt;" status="run" time="0.012" classname="DetectionOutputLayerTest/1" />
  </testsuite>
  <testsuite name="MLUDetectionOutputLayerTest/0" tests="3" failures="0" disabled="0" errors="0" time="0.15">
    <testcase name="TestSetup" type_param="caffe::MLUDevice&lt;float&gt;" status="run" time="0.008" classname="MLUDetectionOutputLayerTest/0" />
    <testcase name="TestForwardByCnml" type_param="caffe::MLUDevice&lt;float&gt;" status="run" time="0.006" classname="MLUDetectionOutputLayerTest/0" />
    <testcase name="TestForwardByBang" type_param="caffe::MLUDevice&lt;float&gt;" status="run" time="0.135" classname="MLUDetectionOutputLayerTest/0" bottom="bottom1:1 29232 1 1 (29232)&#x09;bottom2:1 153468 1 1 (153468)&#x09;bottom2:1 2 29232 1 (58464)&#x09;bottom2:1 3 300 300 (270000)" errRate="0.000332" event_time="706" />
  </testsuite>
[...]
    <testcase name="TestGradientAcrossChannels" type_param="caffe::CPUDevice&lt;double&gt;" status="run" time="0.023" classname="SliceLayerTest/1" />
  </testsuite>
  <testsuite name="MLUSliceLayerTest/0" tests="5" failures="0" disabled="0" errors="0" time="0.058">
    <testcase name="TestSetupNum" type_param="caffe::MLUDevice&lt;float&gt;" status="run" time="0.008" classname="MLUSliceLayerTest/0" bottom1="6 12 2 3 (432)" />
    <testcase name="TestSetupNumWith1Top" type_param="caffe::MLUDevice&lt;float&gt;" status="run" time="0.007" classname="MLUSliceLayerTest/0" bottom1="6 12 2 3 (432)" />
    <testcase name="TestSetupChannels" type_param="caffe::MLUDevice&lt;float&gt;" status="run" time="0.007" classname="MLUSliceLayerTest/0" bottom1="6 12 2 3 (432)" />
    <testcase name="TestSliceAcrossNum" type_param="caffe::MLUDevice&lt;float&gt;" status="run" time="0.017" classname="MLUSliceLayerTest/0" bottom="bottom1:6 12 2 3 (432)" errRate="0.000000" event_time="10" />
    <testcase name="TestSliceAcrossChannels" type_param="caffe::MLUDevice&lt;float&gt;" status="run" time="0.019" classname="MLUSliceLayerTest/0" bottom="bottom1:6 12 2 3 (432)" errRate="0.000000" event_time="10" />
  </testsuite>
  <testsuite name="MFUSSliceLayerTest/0" tests="4" failures="0" disabled="0" errors="0" time="0.052">
    <testcase name="TestSetupNum" type_param="caffe::MFUSDevice&lt;float&gt;" status="run" time="0.008" classname="MFUSSliceLayerTest/0" bottom1="6 12 2 3 (432)" />
    <testcase name="TestSetupChannels" type_param="caffe::MFUSDevice&lt;float&gt;" status="run" time="0.007" classname="MFUSSliceLayerTest/0" bottom1="6 12 2 3 (432)" />
    <testcase name="TestSliceAcrossNum" type_param="caffe::MFUSDevice&lt;float&gt;" status="run" time="0.018" classname="MFUSSliceLayerTest/0" bottom="bottom1:6 12 2 3 (432)" errRate="0.000000" event_time="10" />
    <testcase name="TestSliceAcrossChannels" type_param="caffe::MFUSDevice&lt;float&gt;" status="run" time="0.019" classname="MFUSSliceLayerTest/0" bottom="bottom1:6 12 2 3 (432)" errRate="0.000000" event_time="10" />
  </testsuite>
  <testsuite name="DetectionOutLayerTest/0" tests="1" failures="0" disabled="0" errors="0" time="0.003">
    <testcase name="TestForwardDetection" type_param="caffe::CPUDevice&lt;float&gt;" status="run" time="0.003" classname="DetectionOutLayerTest/0" />
  </testsuite>
  <testsuite name="DetectionOutLayerTest/1" tests="1" failures="0" disabled="0" errors="0" time="0.004">
    <testcase name="TestForwardDetection" type_param="caffe::CPUDevice&lt;double&gt;" status="run" time="0.004" classname="DetectionOutLayerTest/1" />
  </testsuite>
  <testsuite name="MLUDetectionOutLayerTest/0" tests="1" failures="0" disabled="0" errors="0" time="0.161">
    <testcase name="TestForwardDetection" type_param="caffe::MLUDevice&lt;float&gt;" status="run" time="0.161" classname="MLUDetectionOutLayerTest/0" />
  </testsuite>
  <testsuite name="MFUSDetectionOutLayerTest/0" tests="1" failures="0" disabled="0" errors="0" time="0.153">
    <testcase name="TestForwardDetection" type_param="caffe::MFUSDevice&lt;float&gt;" status="run" time="0.153" classname="MFUSDetectionOutLayerTest/0" />
  </testsuite>
  <testsuite name="SPPLayerTest/0" tests="5" failures="0" disabled="0" errors="0" time="1.067">
    <testcase name="TestSetup" type_param="caffe::CPUDevice&lt;float&gt;" status="run" time="0" classname="SPPLayerTest/0" />
    <testcase name="TestEqualOutputDims" type_param="caffe::CPUDevice&lt;float&gt;" status="run" time="0" classname="SPPLayerTest/0" />
    <testcase name="TestEqualOutputDims2" type_param="caffe::CPUDevice&lt;float&gt;" status="run" time="0" classname="SPPLayerTest/0" />
    <testcase name="TestForwardBackward" type_param="caffe::CPUDevice&lt;float&gt;" status="run" time="0" classname="SPPLayerTest/0" />
    <testcase name="TestGradient" type_param="caffe::CPUDevice&lt;float&gt;" status="run" time="1.067" classname="SPPLayerTest/0" />
  </testsuite>
  <testsuite name="SPPLayerTest/1" tests="5" failures="0" disabled="0" errors="0" time="1.104">
    <testcase name="TestSetup" type_param="caffe::CPUDevice&lt;double&gt;" status="run" time="0" classname="SPPLayerTest/1" />
    <testcase name="TestEqualOutputDims" type_param="caffe::CPUDevice&lt;double&gt;" status="run" time="0" classname="SPPLayerTest/1" />
    <testcase name="TestEqualOutputDims2" type_param="caffe::CPUDevice&lt;double&gt;" status="run" time="0" classname="SPPLayerTest/1" />
    <testcase name="TestForwardBackward" type_param="caffe::CPUDevice&lt;double&gt;" status="run" time="0" classname="SPPLayerTest/1" />
    <testcase name="TestGradient" type_param="caffe::CPUDevice&lt;double&gt;" status="run" time="1.104" classname="SPPLayerTest/1" />
  </testsuite>
  <testsuite name="ReverseLayerTest/0" tests="2" failures="0" disabled="0" errors="0" time="0">
    <testcase name="TestSetup" type_param="caffe::CPUDevice&lt;float&gt;" status="run" time="0" classname="ReverseLayerTest/0" />
    <testcase name="TestForward" type_param="caffe::CPUDevice&lt;float&gt;" status="run" time="0" classname="ReverseLayerTest/0" />
  </testsuite>
  <testsuite name="ReverseLayerTest/1" tests="2" failures="0" disabled="0" errors="0" time="0">
    <testcase name="TestSetup" type_param="caffe::CPUDevice&lt;double&gt;" status="run" time="0" classname="ReverseLayerTest/1" />
    <testcase name="TestForward" type_param="caffe::CPUDevice&lt;double&gt;" status="run" time="0" classname="ReverseLayerTest/1" />
  </testsuite>
  <testsuite name="MLUReverseLayerTest/0" tests="3" failures="0" disabled="0" errors="0" time="0.043">
    <testcase name="TestSetup" type_param="caffe::MLUDevice&lt;float&gt;" status="run" time="0.008" classname="MLUReverseLayerTest/0" />
    <testcase name="TestForward" type_param="caffe::MLUDevice&lt;float&gt;" status="run" time="0.018" classname="MLUReverseLayerTest/0" bottom="bottom1:3 5 8 10 (1200)" errRate="0.000000" event_time="24" />
    <testcase name="TestForward1Batch" type_param="caffe::MLUDevice&lt;float&gt;" status="run" time="0.017" classname="MLUReverseLayerTest/0" bottom="bottom1:1 8 2 2 (32)" errRate="0.000000" event_time="10" />
  </testsuite>
  <testsuite name="MFUSReverseLayerTest/0" tests="3" failures="0" disabled="0" errors="0" time="0.043">
    <testcase name="TestSetup" type_param="caffe::MFUSDevice&lt;float&gt;" status="run" time="0.008" classname="MFUSReverseLayerTest/0" />
    <testcase name="TestForward" type_param="caffe::MFUSDevice&lt;float&gt;" status="run" time="0.017" classname="MFUSReverseLayerTest/0" bottom="bottom1:3 5 8 10 (1200)" errRate="0.000000" event_time="25" />
    <testcase name="TestForward1Batch" type_param="caffe::MFUSDevice&lt;float&gt;" status="run" time="0.018" classname="MFUSReverseLayerTest/0" bottom="bottom1:1 8 2 2 (32)" errRate="0.000000" event_time="9" />
  </testsuite>
  <testsuite name="EluLayerTest/0" tests="4" failures="0" disabled="0" errors="0" time="0">
    <testcase name="TestSetup" type_param="caffe::CPUDevice&lt;float&gt;" status="run" time="0" classname="EluLayerTest/0" />
    <testcase name="TestForward" type_param="caffe::CPUDevice&lt;float&gt;" status="run" time="0" classname="EluLayerTest/0" />
    <testcase name="TestForwardNegative" type_param="caffe::CPUDevice&lt;float&gt;" status="run" time="0" classname="EluLayerTest/0" />
    <testcase name="TestForwardReLU" type_param="caffe::CPUDevice&lt;float&gt;" status="run" time="0" classname="EluLayerTest/0" />
  </testsuite>
  <testsuite name="EluLayerTest/1" tests="4" failures="0" disabled="0" errors="0" time="0.001">
    <testcase name="TestSetup" type_param="caffe::CPUDevice&lt;double&gt;" status="run" time="0" classname="EluLayerTest/1" />
    <testcase name="TestForward" type_param="caffe::CPUDevice&lt;double&gt;" status="run" time="0" classname="EluLayerTest/1" />
    <testcase name="TestForwardNegative" type_param="caffe::CPUDevice&lt;double&gt;" status="run" time="0" classname="EluLayerTest/1" />
    <testcase name="TestForwardReLU" type_param="caffe::CPUDevice&lt;double&gt;" status="run" time="0.001" classname="EluLayerTest/1" />
  </testsuite>
  <testsuite name="MLUEluLayerTest/0" tests="4" failures="0" disabled="0" errors="0" time="0.181">
    <testcase name="TestSetup" type_param="caffe::MLUDevice&lt;float&gt;" status="run" time="0.007" classname="MLUEluLayerTest/0" />
    <testcase name="TestForward" type_param="caffe::MLUDevice&lt;float&gt;" status="run" time="0.058" classname="MLUEluLayerTest/0" bottom="bottom1:3 6 8 10 (1440)" errRate="0.001013" event_time="49" />
    <testcase name="TestForwardNegative" type_param="caffe::MLUDevice&lt;float&gt;" status="run" time="0.058" classname="MLUEluLayerTest/0" bottom="bottom1:3 6 8 10 (1440)" errRate="0.000612" event_time="51" />
    <testcase name="TestForwardReLU" type_param="caffe::MLUDevice&lt;float&gt;" status="run" time="0.058" classname="MLUEluLayerTest/0" bottom="bottom1:3 6 8 10 (1440)" errRate="0.001010" event_time="51" />
  </testsuite>
  <testsuite name="MFUSELULayerTest/0" tests="4" failures="0" disabled="0" errors="0" time="0.113">
    <testcase name="TestSetup" type_param="caffe::MFUSDevice&lt;float&gt;" status="run" time="0.008" classname="MFUSELULayerTest/0" />
    <testcase name="TestForward" type_param="caffe::MFUSDevice&lt;float&gt;" status="run" time="0.043" classname="MFUSELULayerTest/0" bottom="bottom1:3 6 8 10 (1440)" errRate="0.001126" event_time="54" />
    <testcase name="TestForwardNegative" type_param="caffe::MFUSDevice&lt;float&gt;" status="run" time="0.044" classname="MFUSELULayerTest/0" bottom="bottom1:3 6 8 10 (1440)" errRate="0.000688" event_time="53" />
    <testcase name="TestForwardReLU" type_param="caffe::MFUSDevice&lt;float&gt;" status="run" time="0.018" classname="MFUSELULayerTest/0" bottom="bottom1:3 6 8 10 (1440)" errRate="0.000000" event_time="9" />
  </testsuite>
  <testsuite name="RoiPoolingLayerTest/0" tests="2" failures="0" disabled="0" errors="0" time="0">
    <testcase name="TestSetUp" type_param="caffe::CPUDevice&lt;float&gt;" status="run" time="0" classname="RoiPoolingLayerTest/0" />
    <testcase name="Forward" type_param="caffe::CPUDevice&lt;float&gt;" status="run" time="0" classname="RoiPoolingLayerTest/0" />
  </testsuite>
  <testsuite name="RoiPoolingLayerTest/1" tests="2" failures="0" disabled="0" errors="0" time="0.001">
    <testcase name="TestSetUp" type_param="caffe::CPUDevice&lt;double&gt;" status="run" time="0" classname="RoiPoolingLayerTest/1" />
    <testcase name="Forward" type_param="caffe::CPUDevice&lt;double&gt;" status="run" time="0.001" classname="RoiPoolingLayerTest/1" />
  </testsuite>
  <testsuite name="MLUBangRoiPoolingLayerTest/0" tests="2" failures="0" disabled="0" errors="0" time="0.057">
    <testcase name="TestSetUpBangOp" type_param="caffe::MLUDevice&lt;float&gt;" status="run" time="0.009" classname="MLUBangRoiPoolingLayerTest/0" bottom1="1 32 80 90 (230400)" />
    <testcase name="ForwardBangOp" type_param="caffe::MLUDevice&lt;float&gt;" status="run" time="0.048" classname="MLUBangRoiPoolingLayerTest/0" />
  </testsuite>
  <testsuite name="MFUSBangRoiPoolingLayerTest/0" tests="2" failures="0" disabled="0" errors="0" time="0.059">
    <testcase name="TestSetUp" type_param="caffe::MFUSDevice&lt;float&gt;" status="run" time="0.009" classname="MFUSBangRoiPoolingLayerTest/0" />
    <testcase name="ForwardBang" type_param="caffe::MFUSDevice&lt;float&gt;" status="run" time="0.05" classname="MFUSBangRoiPoolingLayerTest/0" />
  </testsuite>
  <testsuite name="BatchNormLayerTest/0" tests="4" failures="0" disabled="0" errors="0" time="0.09">
    <testcase name="TestForward" type_param="caffe::CPUDevice&lt;float&gt;" status="run" time="0" classname="BatchNormLayerTest/0" />
    <testcase name="TestForwardwithbeta" type_param="caffe::CPUDevice&lt;float&gt;" status="run" time="0" classname="BatchNormLayerTest/0" />
    <testcase name="TestForwardInplace" type_param="caffe::CPUDevice&lt;float&gt;" status="run" time="0" classname="BatchNormLayerTest/0" />
    <testcase name="TestGradient" type_param="caffe::CPUDevice&lt;float&gt;" status="run" time="0.09" classname="BatchNormLayerTest/0" />
  </testsuite>
  <testsuite name="BatchNormLayerTest/1" tests="4" failures="0" disabled="0" errors="0" time="0.094">
    <testcase name="TestForward" type_param="caffe::CPUDevice&lt;double&gt;" status="run" time="0" classname="BatchNormLayerTest/1" />
    <testcase name="TestForwardwithbeta" type_param="caffe::CPUDevice&lt;double&gt;" status="run" time="0" classname="BatchNormLayerTest/1" />
    <testcase name="TestForwardInplace" type_param="caffe::CPUDevice&lt;double&gt;" status="run" time="0" classname="BatchNormLayerTest/1" />
    <testcase name="TestGradient" type_param="caffe::CPUDevice&lt;double&gt;" status="run" time="0.094" classname="BatchNormLayerTest/1" />
  </testsuite>
  <testsuite name="MLUBatchNormLayerTest/0" tests="2" failures="0" disabled="0" errors="0" time="0.06">
    <testcase name="TestForward" type_param="caffe::MLUDevice&lt;float&gt;" status="run" time="0.019" classname="MLUBatchNormLayerTest/0" bottom="bottom1:5 2 3 4 (120)" errRate="0.000347" event_time="10" />
    <testcase name="TestForwardwithbeta" type_param="caffe::MLUDevice&lt;float&gt;" status="run" time="0.041" classname="MLUBatchNormLayerTest/0" bottom="bottom1:5 2 3 4 (120)" errRate="0.000333" event_time="29" />
  </testsuite>
  <testsuite name="MFUSBatchNormLayerTest/0" tests="2" failures="0" disabled="0" errors="0" time="0.048">
    <testcase name="TestForward" type_param="caffe::MFUSDevice&lt;float&gt;" status="run" time="0.019" classname="MFUSBatchNormLayerTest/0" bottom="bottom1:5 2 3 4 (120)" errRate="0.000337" event_time="12" />
    <testcase name="TestForwardwithbeta" type_param="caffe::MFUSDevice&lt;float&gt;" status="run" time="0.029" classname="MFUSBatchNormLayerTest/0" bottom="bottom1:5 2 3 4 (120)" errRate="0.000335" event_time="17" />
  </testsuite>
  <testsuite name="DataTransformTest/0" tests="8" failures="0" disabled="0" errors="0" time="0">
    <testcase name="TestEmptyTransform" type_param="float" status="run" time="0" classname="DataTransformTest/0" />
    <testcase name="TestCropSize" type_param="float" status="run" time="0" classname="DataTransformTest/0" />
    <testcase name="TestCropTrain" type_param="float" status="run" time="0" classname="DataTransformTest/0" />
    <testcase name="TestCropTest" type_param="float" status="run" time="0" classname="DataTransformTest/0" />
    <testcase name="TestCropMirrorTrain" type_param="float" status="run" time="0" classname="DataTransformTest/0" />
    <testcase name="TestMeanValue" type_param="float" status="run" time="0" classname="DataTransformTest/0" />
    <testcase name="TestMeanValues" type_param="float" status="run" time="0" classname="DataTransformTest/0" />
    <testcase name="TestMeanFile" type_param="float" status="run" time="0" classname="DataTransformTest/0" />
  </testsuite>
  <testsuite name="DataTransformTest/1" tests="8" failures="0" disabled="0" errors="0" time="0">
    <testcase name="TestEmptyTransform" type_param="double" status="run" time="0" classname="DataTransformTest/1" />
    <testcase name="TestCropSize" type_param="double" status="run" time="0" classname="DataTransformTest/1" />
    <testcase name="TestCropTrain" type_param="double" status="run" time="0" classname="DataTransformTest/1" />
    <testcase name="TestCropTest" type_param="double" status="run" time="0" classname="DataTransformTest/1" />
    <testcase name="TestCropMirrorTrain" type_param="double" status="run" time="0" classname="DataTransformTest/1" />
    <testcase name="TestMeanValue" type_param="double" status="run" time="0" classname="DataTransformTest/1" />
    <testcase name="TestMeanValues" type_param="double" status="run" time="0" classname="DataTransformTest/1" />
    <testcase name="TestMeanFile" type_param="double" status="run" time="0" classname="DataTransformTest/1" />
  </testsuite>
  <testsuite name="ReLU6LayerTest/0" tests="1" failures="0" disabled="0" errors="0" time="0">
    <testcase name="TestReLU" type_param="caffe::CPUDevice&lt;float&gt;" status="run" time="0" classname="ReLU6LayerTest/0" />
  </testsuite>
  <testsuite name="ReLU6LayerTest/1" tests="1" failures="0" disabled="0" errors="0" time="0">
    <testcase name="TestReLU" type_param="caffe::CPUDevice&lt;double&gt;" status="run" time="0" classname="ReLU6LayerTest/1" />
  </testsuite>
  <testsuite name="MLUReLU6LayerTest/0" tests="1" failures="0" disabled="0" errors="0" time="0.019">
    <testcase name="TestReLUMLU" type_param="caffe::MLUDevice&lt;float&gt;" status="run" time="0.019" classname="MLUReLU6LayerTest/0" bottom="bottom1:2 3 4 5 (120)" event_time="9" />
  </testsuite>
  <testsuite name="MFUSReLU6LayerTest/0" tests="1" failures="0" disabled="0" errors="0" time="0.018">
    <testcase name="TestReLUMFUS" type_param="caffe::MFUSDevice&lt;float&gt;" status="run" time="0.018" classname="MFUSReLU6LayerTest/0" bottom="bottom1:2 3 4 5 (120)" event_time="0" />
  </testsuite>
  <testsuite name="InternalThreadTest" tests="2" failures="0" disabled="0" errors="0" time="0">
    <testcase name="TestStartAndExit" status="run" time="0" classname="InternalThreadTest" />
    <testcase name="TestRandomSeed" status="run" time="0" classname="InternalThreadTest" />
  </testsuite>
  <testsuite name="BatchReindexLayerTest/0" tests="2" failures="0" disabled="0" errors="0" time="0.068">
    <testcase name="TestForward" type_param="caffe::CPUDevice&lt;float&gt;" status="run" time="0" classname="BatchReindexLayerTest/0" />
    <testcase name="TestGradient" type_param="caffe::CPUDevice&lt;float&gt;" status="run" time="0.068" classname="BatchReindexLayerTest/0" />
  </testsuite>
  <testsuite name="BatchReindexLayerTest/1" tests="2" failures="0" disabled="0" errors="0" time="0.067">
    <testcase name="TestForward" type_param="caffe::CPUDevice&lt;double&gt;" status="run" time="0" classname="BatchReindexLayerTest/1" />
    <testcase name="TestGradient" type_param="caffe::CPUDevice&lt;double&gt;" status="run" time="0.067" classname="BatchReindexLayerTest/1" />
  </testsuite>
  <testsuite name="CPUMathFunctionsTest/0" tests="7" failures="0" disabled="0" errors="0" time="0.009">
    <testcase name="TestNothing" type_param="float" status="run" time="0.001" classname="CPUMathFunctionsTest/0" />
    <testcase name="TestAsum" type_param="float" status="run" time="0.001" classname="CPUMathFunctionsTest/0" />
    <testcase name="TestSign" type_param="float" status="run" time="0.002" classname="CPUMathFunctionsTest/0" />
    <testcase name="TestSgnbit" type_param="float" status="run" time="0.001" classname="CPUMathFunctionsTest/0" />
    <testcase name="TestFabs" type_param="float" status="run" time="0.002" classname="CPUMathFunctionsTest/0" />
    <testcase name="TestScale" type_param="float" status="run" time="0.001" classname="CPUMathFunctionsTest/0" />
    <testcase name="TestCopy" type_param="float" status="run" time="0.001" classname="CPUMathFunctionsTest/0" />
  </testsuite>
  <testsuite name="CPUMathFunctionsTest/1" tests="7" failures="0" disabled="0" errors="0" time="0.012">
    <testcase name="TestNothing" type_param="double" status="run" time="0.002" classname="CPUMathFunctionsTest/1" />
    <testcase name="TestAsum" type_param="double" status="run" time="0.001" classname="CPUMathFunctionsTest/1" />
    <testcase name="TestSign" type_param="double" status="run" time="0.002" classname="CPUMathFunctionsTest/1" />
    <testcase name="TestSgnbit" type_param="double" status="run" time="0.002" classname="CPUMathFunctionsTest/1" />
    <testcase name="TestFabs" type_param="double" status="run" time="0.002" classname="CPUMathFunctionsTest/1" />
    <testcase name="TestScale" type_param="double" status="run" time="0.002" classname="CPUMathFunctionsTest/1" />
    <testcase name="TestCopy" type_param="double" status="run" time="0.001" classname="CPUMathFunctionsTest/1" />
  </testsuite>
</testsuites>
